{"C:\\Users\\Vrajesh Pandya\\Desktop\\School-Management-System\\backend\\src\\app.js": {"path":"C:\\Users\\Vrajesh Pandya\\Desktop\\School-Management-System\\backend\\src\\app.js","statementMap":{"0":{"start":{"line":10,"column":19},"end":{"line":10,"column":49}},"1":{"start":{"line":11,"column":18},"end":{"line":11,"column":42}},"2":{"start":{"line":13,"column":12},"end":{"line":13,"column":21}},"3":{"start":{"line":16,"column":20},"end":{"line":21,"column":1}},"4":{"start":{"line":26,"column":0},"end":{"line":26,"column":27}},"5":{"start":{"line":27,"column":0},"end":{"line":27,"column":24}},"6":{"start":{"line":28,"column":0},"end":{"line":28,"column":46}},"7":{"start":{"line":31,"column":0},"end":{"line":31,"column":72}},"8":{"start":{"line":32,"column":0},"end":{"line":32,"column":74}},"9":{"start":{"line":35,"column":0},"end":{"line":35,"column":30}},"10":{"start":{"line":38,"column":0},"end":{"line":40,"column":3}},"11":{"start":{"line":39,"column":4},"end":{"line":39,"column":59}},"12":{"start":{"line":43,"column":0},"end":{"line":43,"column":22}}},"fnMap":{"0":{"name":"(anonymous_0)","decl":{"start":{"line":38,"column":13},"end":{"line":38,"column":14}},"loc":{"start":{"line":38,"column":27},"end":{"line":40,"column":1}},"line":38}},"branchMap":{},"s":{"0":1,"1":1,"2":1,"3":1,"4":1,"5":1,"6":1,"7":1,"8":1,"9":1,"10":1,"11":0,"12":1},"f":{"0":0},"b":{},"inputSourceMap":null,"_coverageSchema":"1a1c01bbd47fc00a2c39e90264f33305004495a9","hash":"de2e46d12a79ab3a602b21fa569187ee7afaf4a1"}
,"C:\\Users\\Vrajesh Pandya\\Desktop\\School-Management-System\\backend\\src\\socket.js": {"path":"C:\\Users\\Vrajesh Pandya\\Desktop\\School-Management-System\\backend\\src\\socket.js","statementMap":{"0":{"start":{"line":6,"column":26},"end":{"line":25,"column":1}},"1":{"start":{"line":7,"column":4},"end":{"line":7,"column":51}},"2":{"start":{"line":9,"column":4},"end":{"line":22,"column":7}},"3":{"start":{"line":10,"column":8},"end":{"line":10,"column":58}},"4":{"start":{"line":12,"column":8},"end":{"line":17,"column":11}},"5":{"start":{"line":13,"column":12},"end":{"line":16,"column":13}},"6":{"start":{"line":14,"column":16},"end":{"line":14,"column":83}},"7":{"start":{"line":15,"column":16},"end":{"line":15,"column":50}},"8":{"start":{"line":19,"column":8},"end":{"line":21,"column":11}},"9":{"start":{"line":20,"column":12},"end":{"line":20,"column":61}},"10":{"start":{"line":24,"column":4},"end":{"line":24,"column":14}},"11":{"start":{"line":27,"column":21},"end":{"line":32,"column":1}},"12":{"start":{"line":28,"column":4},"end":{"line":30,"column":5}},"13":{"start":{"line":29,"column":8},"end":{"line":29,"column":54}},"14":{"start":{"line":31,"column":4},"end":{"line":31,"column":14}}},"fnMap":{"0":{"name":"(anonymous_0)","decl":{"start":{"line":6,"column":26},"end":{"line":6,"column":27}},"loc":{"start":{"line":6,"column":51},"end":{"line":25,"column":1}},"line":6},"1":{"name":"(anonymous_1)","decl":{"start":{"line":9,"column":24},"end":{"line":9,"column":25}},"loc":{"start":{"line":9,"column":36},"end":{"line":22,"column":5}},"line":9},"2":{"name":"(anonymous_2)","decl":{"start":{"line":12,"column":33},"end":{"line":12,"column":34}},"loc":{"start":{"line":12,"column":47},"end":{"line":17,"column":9}},"line":12},"3":{"name":"(anonymous_3)","decl":{"start":{"line":19,"column":32},"end":{"line":19,"column":33}},"loc":{"start":{"line":19,"column":38},"end":{"line":21,"column":9}},"line":19},"4":{"name":"(anonymous_4)","decl":{"start":{"line":27,"column":21},"end":{"line":27,"column":22}},"loc":{"start":{"line":27,"column":27},"end":{"line":32,"column":1}},"line":27}},"branchMap":{"0":{"loc":{"start":{"line":13,"column":12},"end":{"line":16,"column":13}},"type":"if","locations":[{"start":{"line":13,"column":12},"end":{"line":16,"column":13}},{"start":{},"end":{}}],"line":13},"1":{"loc":{"start":{"line":28,"column":4},"end":{"line":30,"column":5}},"type":"if","locations":[{"start":{"line":28,"column":4},"end":{"line":30,"column":5}},{"start":{},"end":{}}],"line":28}},"s":{"0":1,"1":0,"2":0,"3":0,"4":0,"5":0,"6":0,"7":0,"8":0,"9":0,"10":0,"11":1,"12":0,"13":0,"14":0},"f":{"0":0,"1":0,"2":0,"3":0,"4":0},"b":{"0":[0,0],"1":[0,0]},"inputSourceMap":null,"_coverageSchema":"1a1c01bbd47fc00a2c39e90264f33305004495a9","hash":"9759d465dc267d5db2f0f4fa127de5253d43fa25"}
,"C:\\Users\\Vrajesh Pandya\\Desktop\\School-Management-System\\backend\\src\\config\\index.js": {"path":"C:\\Users\\Vrajesh Pandya\\Desktop\\School-Management-System\\backend\\src\\config\\index.js","statementMap":{"0":{"start":{"line":2,"column":0},"end":{"line":2,"column":16}},"1":{"start":{"line":4,"column":20},"end":{"line":18,"column":1}}},"fnMap":{},"branchMap":{"0":{"loc":{"start":{"line":5,"column":10},"end":{"line":5,"column":34}},"type":"binary-expr","locations":[{"start":{"line":5,"column":10},"end":{"line":5,"column":26}},{"start":{"line":5,"column":30},"end":{"line":5,"column":34}}],"line":5},"1":{"loc":{"start":{"line":13,"column":15},"end":{"line":13,"column":56}},"type":"binary-expr","locations":[{"start":{"line":13,"column":15},"end":{"line":13,"column":36}},{"start":{"line":13,"column":40},"end":{"line":13,"column":56}}],"line":13},"2":{"loc":{"start":{"line":14,"column":15},"end":{"line":14,"column":43}},"type":"binary-expr","locations":[{"start":{"line":14,"column":15},"end":{"line":14,"column":36}},{"start":{"line":14,"column":40},"end":{"line":14,"column":43}}],"line":14}},"s":{"0":1,"1":1},"f":{},"b":{"0":[1,0],"1":[1,0],"2":[1,0]},"inputSourceMap":null,"_coverageSchema":"1a1c01bbd47fc00a2c39e90264f33305004495a9","hash":"885a90ce7df0102b9fd0e2e0c9dcab2637713953"}
,"C:\\Users\\Vrajesh Pandya\\Desktop\\School-Management-System\\backend\\src\\config\\logger.js": {"path":"C:\\Users\\Vrajesh Pandya\\Desktop\\School-Management-System\\backend\\src\\config\\logger.js","statementMap":{"0":{"start":{"line":5,"column":21},"end":{"line":5,"column":51}},"1":{"start":{"line":8,"column":20},"end":{"line":22,"column":1}},"2":{"start":{"line":25,"column":15},"end":{"line":25,"column":32}}},"fnMap":{},"branchMap":{"0":{"loc":{"start":{"line":9,"column":11},"end":{"line":9,"column":62}},"type":"binary-expr","locations":[{"start":{"line":9,"column":11},"end":{"line":9,"column":25}},{"start":{"line":9,"column":30},"end":{"line":9,"column":61}}],"line":9},"1":{"loc":{"start":{"line":9,"column":30},"end":{"line":9,"column":61}},"type":"cond-expr","locations":[{"start":{"line":9,"column":45},"end":{"line":9,"column":51}},{"start":{"line":9,"column":54},"end":{"line":9,"column":61}}],"line":9},"2":{"loc":{"start":{"line":10,"column":8},"end":{"line":21,"column":9}},"type":"cond-expr","locations":[{"start":{"line":11,"column":10},"end":{"line":11,"column":12}},{"start":{"line":12,"column":10},"end":{"line":21,"column":9}}],"line":10}},"s":{"0":1,"1":1,"2":1},"f":{},"b":{"0":[1,1],"1":[0,1],"2":[0,1]},"inputSourceMap":null,"_coverageSchema":"1a1c01bbd47fc00a2c39e90264f33305004495a9","hash":"cb6108b535b0871a78e62235335d50bd4095ee65"}
,"C:\\Users\\Vrajesh Pandya\\Desktop\\School-Management-System\\backend\\src\\config\\profiles.js": {"path":"C:\\Users\\Vrajesh Pandya\\Desktop\\School-Management-System\\backend\\src\\config\\profiles.js","statementMap":{"0":{"start":{"line":5,"column":30},"end":{"line":35,"column":1}},"1":{"start":{"line":8,"column":34},"end":{"line":16,"column":9}},"2":{"start":{"line":20,"column":34},"end":{"line":25,"column":9}},"3":{"start":{"line":29,"column":34},"end":{"line":33,"column":9}}},"fnMap":{"0":{"name":"(anonymous_0)","decl":{"start":{"line":8,"column":23},"end":{"line":8,"column":24}},"loc":{"start":{"line":8,"column":34},"end":{"line":16,"column":9}},"line":8},"1":{"name":"(anonymous_1)","decl":{"start":{"line":20,"column":23},"end":{"line":20,"column":24}},"loc":{"start":{"line":20,"column":34},"end":{"line":25,"column":9}},"line":20},"2":{"name":"(anonymous_2)","decl":{"start":{"line":29,"column":23},"end":{"line":29,"column":24}},"loc":{"start":{"line":29,"column":34},"end":{"line":33,"column":9}},"line":29}},"branchMap":{"0":{"loc":{"start":{"line":12,"column":19},"end":{"line":12,"column":56}},"type":"binary-expr","locations":[{"start":{"line":12,"column":19},"end":{"line":12,"column":28}},{"start":{"line":12,"column":32},"end":{"line":12,"column":56}}],"line":12}},"s":{"0":1,"1":0,"2":0,"3":0},"f":{"0":0,"1":0,"2":0},"b":{"0":[0,0]},"inputSourceMap":null,"_coverageSchema":"1a1c01bbd47fc00a2c39e90264f33305004495a9","hash":"85978891eb4e486e1c26375ac1d347ebb5f7e595"}
,"C:\\Users\\Vrajesh Pandya\\Desktop\\School-Management-System\\backend\\src\\constants\\featureFlags.js": {"path":"C:\\Users\\Vrajesh Pandya\\Desktop\\School-Management-System\\backend\\src\\constants\\featureFlags.js","statementMap":{"0":{"start":{"line":4,"column":31},"end":{"line":35,"column":2}},"1":{"start":{"line":38,"column":34},"end":{"line":40,"column":1}},"2":{"start":{"line":39,"column":44},"end":{"line":39,"column":49}},"3":{"start":{"line":45,"column":30},"end":{"line":45,"column":54}},"4":{"start":{"line":45,"column":36},"end":{"line":45,"column":54}},"5":{"start":{"line":48,"column":31},"end":{"line":49,"column":59}},"6":{"start":{"line":49,"column":2},"end":{"line":49,"column":59}},"7":{"start":{"line":49,"column":45},"end":{"line":49,"column":58}},"8":{"start":{"line":52,"column":33},"end":{"line":52,"column":74}},"9":{"start":{"line":52,"column":42},"end":{"line":52,"column":74}}},"fnMap":{"0":{"name":"(anonymous_0)","decl":{"start":{"line":39,"column":37},"end":{"line":39,"column":38}},"loc":{"start":{"line":39,"column":44},"end":{"line":39,"column":49}},"line":39},"1":{"name":"(anonymous_1)","decl":{"start":{"line":45,"column":30},"end":{"line":45,"column":31}},"loc":{"start":{"line":45,"column":36},"end":{"line":45,"column":54}},"line":45},"2":{"name":"(anonymous_2)","decl":{"start":{"line":48,"column":31},"end":{"line":48,"column":32}},"loc":{"start":{"line":49,"column":2},"end":{"line":49,"column":59}},"line":49},"3":{"name":"(anonymous_3)","decl":{"start":{"line":49,"column":38},"end":{"line":49,"column":39}},"loc":{"start":{"line":49,"column":45},"end":{"line":49,"column":58}},"line":49},"4":{"name":"(anonymous_4)","decl":{"start":{"line":52,"column":33},"end":{"line":52,"column":34}},"loc":{"start":{"line":52,"column":42},"end":{"line":52,"column":74}},"line":52}},"branchMap":{},"s":{"0":1,"1":1,"2":6,"3":1,"4":0,"5":1,"6":0,"7":0,"8":1,"9":0},"f":{"0":6,"1":0,"2":0,"3":0,"4":0},"b":{},"inputSourceMap":null,"_coverageSchema":"1a1c01bbd47fc00a2c39e90264f33305004495a9","hash":"170e8ee322a4a62c1b8e97c82d984eace4a19ad7"}
,"C:\\Users\\Vrajesh Pandya\\Desktop\\School-Management-System\\backend\\src\\constants\\userRoles.js": {"path":"C:\\Users\\Vrajesh Pandya\\Desktop\\School-Management-System\\backend\\src\\constants\\userRoles.js","statementMap":{"0":{"start":{"line":1,"column":26},"end":{"line":6,"column":2}},"1":{"start":{"line":8,"column":27},"end":{"line":8,"column":67}},"2":{"start":{"line":12,"column":30},"end":{"line":17,"column":2}},"3":{"start":{"line":20,"column":29},"end":{"line":23,"column":1}},"4":{"start":{"line":21,"column":23},"end":{"line":21,"column":54}},"5":{"start":{"line":22,"column":2},"end":{"line":22,"column":43}},"6":{"start":{"line":26,"column":35},"end":{"line":28,"column":1}},"7":{"start":{"line":27,"column":2},"end":{"line":27,"column":41}},"8":{"start":{"line":32,"column":26},"end":{"line":40,"column":1}},"9":{"start":{"line":33,"column":25},"end":{"line":38,"column":3}},"10":{"start":{"line":39,"column":2},"end":{"line":39,"column":80}}},"fnMap":{"0":{"name":"(anonymous_0)","decl":{"start":{"line":20,"column":29},"end":{"line":20,"column":30}},"loc":{"start":{"line":20,"column":56},"end":{"line":23,"column":1}},"line":20},"1":{"name":"(anonymous_1)","decl":{"start":{"line":26,"column":35},"end":{"line":26,"column":36}},"loc":{"start":{"line":26,"column":50},"end":{"line":28,"column":1}},"line":26},"2":{"name":"(anonymous_2)","decl":{"start":{"line":32,"column":26},"end":{"line":32,"column":27}},"loc":{"start":{"line":32,"column":53},"end":{"line":40,"column":1}},"line":32}},"branchMap":{"0":{"loc":{"start":{"line":21,"column":23},"end":{"line":21,"column":54}},"type":"binary-expr","locations":[{"start":{"line":21,"column":23},"end":{"line":21,"column":48}},{"start":{"line":21,"column":52},"end":{"line":21,"column":54}}],"line":21},"1":{"loc":{"start":{"line":27,"column":9},"end":{"line":27,"column":40}},"type":"binary-expr","locations":[{"start":{"line":27,"column":9},"end":{"line":27,"column":34}},{"start":{"line":27,"column":38},"end":{"line":27,"column":40}}],"line":27}},"s":{"0":1,"1":1,"2":1,"3":1,"4":0,"5":0,"6":1,"7":0,"8":1,"9":0,"10":0},"f":{"0":0,"1":0,"2":0},"b":{"0":[0,0],"1":[0,0]},"inputSourceMap":null,"_coverageSchema":"1a1c01bbd47fc00a2c39e90264f33305004495a9","hash":"742c7fa8b09e44d94009b6ef8a47d0f4fed643aa"}
,"C:\\Users\\Vrajesh Pandya\\Desktop\\School-Management-System\\backend\\src\\controllers\\attendence.controller.js": {"path":"C:\\Users\\Vrajesh Pandya\\Desktop\\School-Management-System\\backend\\src\\controllers\\attendence.controller.js","statementMap":{"0":{"start":{"line":6,"column":23},"end":{"line":18,"column":2}},"1":{"start":{"line":7,"column":34},"end":{"line":7,"column":42}},"2":{"start":{"line":10,"column":19},"end":{"line":10,"column":65}},"3":{"start":{"line":12,"column":4},"end":{"line":16,"column":7}},"4":{"start":{"line":17,"column":4},"end":{"line":17,"column":52}},"5":{"start":{"line":21,"column":30},"end":{"line":33,"column":2}},"6":{"start":{"line":22,"column":19},"end":{"line":22,"column":54}},"7":{"start":{"line":25,"column":19},"end":{"line":25,"column":82}},"8":{"start":{"line":27,"column":4},"end":{"line":31,"column":7}},"9":{"start":{"line":32,"column":4},"end":{"line":32,"column":67}}},"fnMap":{"0":{"name":"(anonymous_0)","decl":{"start":{"line":6,"column":36},"end":{"line":6,"column":37}},"loc":{"start":{"line":6,"column":56},"end":{"line":18,"column":1}},"line":6},"1":{"name":"(anonymous_1)","decl":{"start":{"line":21,"column":43},"end":{"line":21,"column":44}},"loc":{"start":{"line":21,"column":63},"end":{"line":33,"column":1}},"line":21}},"branchMap":{"0":{"loc":{"start":{"line":22,"column":19},"end":{"line":22,"column":54}},"type":"binary-expr","locations":[{"start":{"line":22,"column":19},"end":{"line":22,"column":34}},{"start":{"line":22,"column":38},"end":{"line":22,"column":54}}],"line":22}},"s":{"0":1,"1":0,"2":0,"3":0,"4":0,"5":1,"6":0,"7":0,"8":0,"9":0},"f":{"0":0,"1":0},"b":{"0":[0,0]},"inputSourceMap":null,"_coverageSchema":"1a1c01bbd47fc00a2c39e90264f33305004495a9","hash":"30d1f05908a5d5998704cf6699d5dfde15d9d6f4"}
,"C:\\Users\\Vrajesh Pandya\\Desktop\\School-Management-System\\backend\\src\\controllers\\auth.controller.js": {"path":"C:\\Users\\Vrajesh Pandya\\Desktop\\School-Management-System\\backend\\src\\controllers\\auth.controller.js","statementMap":{"0":{"start":{"line":6,"column":21},"end":{"line":17,"column":2}},"1":{"start":{"line":7,"column":32},"end":{"line":7,"column":40}},"2":{"start":{"line":10,"column":19},"end":{"line":10,"column":59}},"3":{"start":{"line":12,"column":4},"end":{"line":16,"column":7}},"4":{"start":{"line":20,"column":22},"end":{"line":27,"column":2}},"5":{"start":{"line":21,"column":19},"end":{"line":21,"column":45}},"6":{"start":{"line":22,"column":4},"end":{"line":25,"column":7}},"7":{"start":{"line":26,"column":4},"end":{"line":26,"column":35}},"8":{"start":{"line":30,"column":31},"end":{"line":35,"column":1}},"9":{"start":{"line":31,"column":4},"end":{"line":34,"column":7}}},"fnMap":{"0":{"name":"(anonymous_0)","decl":{"start":{"line":6,"column":34},"end":{"line":6,"column":35}},"loc":{"start":{"line":6,"column":54},"end":{"line":17,"column":1}},"line":6},"1":{"name":"(anonymous_1)","decl":{"start":{"line":20,"column":35},"end":{"line":20,"column":36}},"loc":{"start":{"line":20,"column":55},"end":{"line":27,"column":1}},"line":20},"2":{"name":"(anonymous_2)","decl":{"start":{"line":30,"column":31},"end":{"line":30,"column":32}},"loc":{"start":{"line":30,"column":45},"end":{"line":35,"column":1}},"line":30}},"branchMap":{},"s":{"0":1,"1":1,"2":1,"3":1,"4":1,"5":0,"6":0,"7":0,"8":1,"9":1},"f":{"0":1,"1":0,"2":1},"b":{},"inputSourceMap":null,"_coverageSchema":"1a1c01bbd47fc00a2c39e90264f33305004495a9","hash":"d9cd80e61936a2bb0e2d78fcc430438750027019"}
,"C:\\Users\\Vrajesh Pandya\\Desktop\\School-Management-System\\backend\\src\\controllers\\school.controller.js": {"path":"C:\\Users\\Vrajesh Pandya\\Desktop\\School-Management-System\\backend\\src\\controllers\\school.controller.js","statementMap":{"0":{"start":{"line":6,"column":28},"end":{"line":14,"column":2}},"1":{"start":{"line":7,"column":19},"end":{"line":7,"column":75}},"2":{"start":{"line":8,"column":4},"end":{"line":12,"column":7}},"3":{"start":{"line":13,"column":4},"end":{"line":13,"column":57}},"4":{"start":{"line":17,"column":28},"end":{"line":26,"column":2}},"5":{"start":{"line":18,"column":21},"end":{"line":18,"column":71}},"6":{"start":{"line":19,"column":19},"end":{"line":19,"column":71}},"7":{"start":{"line":20,"column":4},"end":{"line":24,"column":7}},"8":{"start":{"line":25,"column":4},"end":{"line":25,"column":57}},"9":{"start":{"line":29,"column":29},"end":{"line":36,"column":2}},"10":{"start":{"line":30,"column":21},"end":{"line":30,"column":71}},"11":{"start":{"line":31,"column":19},"end":{"line":31,"column":65}},"12":{"start":{"line":32,"column":4},"end":{"line":35,"column":7}},"13":{"start":{"line":39,"column":35},"end":{"line":45,"column":2}},"14":{"start":{"line":40,"column":21},"end":{"line":40,"column":72}},"15":{"start":{"line":41,"column":4},"end":{"line":44,"column":7}},"16":{"start":{"line":48,"column":32},"end":{"line":61,"column":2}},"17":{"start":{"line":49,"column":4},"end":{"line":52,"column":7}},"18":{"start":{"line":49,"column":19},"end":{"line":52,"column":7}},"19":{"start":{"line":53,"column":20},"end":{"line":53,"column":57}},"20":{"start":{"line":54,"column":19},"end":{"line":54,"column":72}},"21":{"start":{"line":55,"column":4},"end":{"line":59,"column":7}},"22":{"start":{"line":60,"column":4},"end":{"line":60,"column":61}},"23":{"start":{"line":64,"column":36},"end":{"line":70,"column":2}},"24":{"start":{"line":65,"column":21},"end":{"line":65,"column":57}},"25":{"start":{"line":66,"column":4},"end":{"line":69,"column":7}},"26":{"start":{"line":73,"column":36},"end":{"line":81,"column":2}},"27":{"start":{"line":74,"column":19},"end":{"line":74,"column":104}},"28":{"start":{"line":75,"column":4},"end":{"line":79,"column":7}},"29":{"start":{"line":80,"column":4},"end":{"line":80,"column":64}}},"fnMap":{"0":{"name":"(anonymous_0)","decl":{"start":{"line":6,"column":41},"end":{"line":6,"column":42}},"loc":{"start":{"line":6,"column":61},"end":{"line":14,"column":1}},"line":6},"1":{"name":"(anonymous_1)","decl":{"start":{"line":17,"column":41},"end":{"line":17,"column":42}},"loc":{"start":{"line":17,"column":61},"end":{"line":26,"column":1}},"line":17},"2":{"name":"(anonymous_2)","decl":{"start":{"line":29,"column":42},"end":{"line":29,"column":43}},"loc":{"start":{"line":29,"column":62},"end":{"line":36,"column":1}},"line":29},"3":{"name":"(anonymous_3)","decl":{"start":{"line":39,"column":48},"end":{"line":39,"column":49}},"loc":{"start":{"line":39,"column":68},"end":{"line":45,"column":1}},"line":39},"4":{"name":"(anonymous_4)","decl":{"start":{"line":48,"column":45},"end":{"line":48,"column":46}},"loc":{"start":{"line":48,"column":65},"end":{"line":61,"column":1}},"line":48},"5":{"name":"(anonymous_5)","decl":{"start":{"line":64,"column":49},"end":{"line":64,"column":50}},"loc":{"start":{"line":64,"column":69},"end":{"line":70,"column":1}},"line":64},"6":{"name":"(anonymous_6)","decl":{"start":{"line":73,"column":49},"end":{"line":73,"column":50}},"loc":{"start":{"line":73,"column":69},"end":{"line":81,"column":1}},"line":73}},"branchMap":{"0":{"loc":{"start":{"line":18,"column":21},"end":{"line":18,"column":71}},"type":"binary-expr","locations":[{"start":{"line":18,"column":21},"end":{"line":18,"column":33}},{"start":{"line":18,"column":37},"end":{"line":18,"column":50}},{"start":{"line":18,"column":54},"end":{"line":18,"column":71}}],"line":18},"1":{"loc":{"start":{"line":30,"column":21},"end":{"line":30,"column":71}},"type":"binary-expr","locations":[{"start":{"line":30,"column":21},"end":{"line":30,"column":33}},{"start":{"line":30,"column":37},"end":{"line":30,"column":50}},{"start":{"line":30,"column":54},"end":{"line":30,"column":71}}],"line":30},"2":{"loc":{"start":{"line":49,"column":4},"end":{"line":52,"column":7}},"type":"if","locations":[{"start":{"line":49,"column":4},"end":{"line":52,"column":7}},{"start":{},"end":{}}],"line":49},"3":{"loc":{"start":{"line":74,"column":74},"end":{"line":74,"column":103}},"type":"binary-expr","locations":[{"start":{"line":74,"column":74},"end":{"line":74,"column":91}},{"start":{"line":74,"column":95},"end":{"line":74,"column":103}}],"line":74}},"s":{"0":1,"1":0,"2":0,"3":0,"4":1,"5":1,"6":1,"7":1,"8":1,"9":1,"10":1,"11":1,"12":1,"13":1,"14":0,"15":0,"16":1,"17":0,"18":0,"19":0,"20":0,"21":0,"22":0,"23":1,"24":0,"25":0,"26":1,"27":0,"28":0,"29":0},"f":{"0":0,"1":1,"2":1,"3":0,"4":0,"5":0,"6":0},"b":{"0":[1,0,0],"1":[1,0,0],"2":[0,0],"3":[0,0]},"inputSourceMap":null,"_coverageSchema":"1a1c01bbd47fc00a2c39e90264f33305004495a9","hash":"65d313117143b455fb7871fc87cd4552f4a53011"}
,"C:\\Users\\Vrajesh Pandya\\Desktop\\School-Management-System\\backend\\src\\controllers\\timetable.controller.js": {"path":"C:\\Users\\Vrajesh Pandya\\Desktop\\School-Management-System\\backend\\src\\controllers\\timetable.controller.js","statementMap":{"0":{"start":{"line":7,"column":30},"end":{"line":15,"column":2}},"1":{"start":{"line":8,"column":19},"end":{"line":8,"column":91}},"2":{"start":{"line":9,"column":4},"end":{"line":13,"column":7}},"3":{"start":{"line":14,"column":4},"end":{"line":14,"column":64}},"4":{"start":{"line":18,"column":28},"end":{"line":24,"column":2}},"5":{"start":{"line":19,"column":19},"end":{"line":19,"column":78}},"6":{"start":{"line":20,"column":4},"end":{"line":23,"column":7}},"7":{"start":{"line":27,"column":30},"end":{"line":34,"column":2}},"8":{"start":{"line":28,"column":19},"end":{"line":28,"column":117}},"9":{"start":{"line":29,"column":4},"end":{"line":33,"column":7}},"10":{"start":{"line":37,"column":30},"end":{"line":44,"column":2}},"11":{"start":{"line":38,"column":19},"end":{"line":38,"column":104}},"12":{"start":{"line":39,"column":4},"end":{"line":43,"column":7}},"13":{"start":{"line":47,"column":31},"end":{"line":55,"column":2}},"14":{"start":{"line":48,"column":19},"end":{"line":48,"column":92}},"15":{"start":{"line":49,"column":4},"end":{"line":53,"column":7}},"16":{"start":{"line":54,"column":4},"end":{"line":54,"column":95}},"17":{"start":{"line":58,"column":29},"end":{"line":64,"column":2}},"18":{"start":{"line":59,"column":19},"end":{"line":59,"column":94}},"19":{"start":{"line":60,"column":4},"end":{"line":63,"column":7}},"20":{"start":{"line":67,"column":32},"end":{"line":73,"column":2}},"21":{"start":{"line":68,"column":19},"end":{"line":68,"column":106}},"22":{"start":{"line":69,"column":4},"end":{"line":72,"column":7}},"23":{"start":{"line":76,"column":31},"end":{"line":83,"column":2}},"24":{"start":{"line":77,"column":19},"end":{"line":77,"column":105}},"25":{"start":{"line":78,"column":4},"end":{"line":82,"column":7}},"26":{"start":{"line":86,"column":37},"end":{"line":96,"column":2}},"27":{"start":{"line":87,"column":19},"end":{"line":90,"column":6}},"28":{"start":{"line":91,"column":4},"end":{"line":95,"column":7}},"29":{"start":{"line":99,"column":36},"end":{"line":108,"column":2}},"30":{"start":{"line":101,"column":24},"end":{"line":101,"column":37}},"31":{"start":{"line":102,"column":19},"end":{"line":102,"column":98}},"32":{"start":{"line":103,"column":4},"end":{"line":107,"column":7}},"33":{"start":{"line":111,"column":27},"end":{"line":118,"column":2}},"34":{"start":{"line":112,"column":19},"end":{"line":112,"column":97}},"35":{"start":{"line":113,"column":4},"end":{"line":117,"column":7}},"36":{"start":{"line":121,"column":27},"end":{"line":128,"column":2}},"37":{"start":{"line":122,"column":19},"end":{"line":122,"column":87}},"38":{"start":{"line":123,"column":4},"end":{"line":127,"column":7}},"39":{"start":{"line":131,"column":34},"end":{"line":146,"column":2}},"40":{"start":{"line":132,"column":26},"end":{"line":132,"column":36}},"41":{"start":{"line":134,"column":4},"end":{"line":139,"column":5}},"42":{"start":{"line":135,"column":8},"end":{"line":138,"column":11}},"43":{"start":{"line":141,"column":19},"end":{"line":141,"column":109}},"44":{"start":{"line":142,"column":4},"end":{"line":145,"column":7}},"45":{"start":{"line":149,"column":29},"end":{"line":158,"column":2}},"46":{"start":{"line":152,"column":22},"end":{"line":152,"column":34}},"47":{"start":{"line":153,"column":19},"end":{"line":153,"column":109}},"48":{"start":{"line":154,"column":4},"end":{"line":157,"column":7}}},"fnMap":{"0":{"name":"(anonymous_0)","decl":{"start":{"line":7,"column":43},"end":{"line":7,"column":44}},"loc":{"start":{"line":7,"column":63},"end":{"line":15,"column":1}},"line":7},"1":{"name":"(anonymous_1)","decl":{"start":{"line":18,"column":41},"end":{"line":18,"column":42}},"loc":{"start":{"line":18,"column":61},"end":{"line":24,"column":1}},"line":18},"2":{"name":"(anonymous_2)","decl":{"start":{"line":27,"column":43},"end":{"line":27,"column":44}},"loc":{"start":{"line":27,"column":63},"end":{"line":34,"column":1}},"line":27},"3":{"name":"(anonymous_3)","decl":{"start":{"line":37,"column":43},"end":{"line":37,"column":44}},"loc":{"start":{"line":37,"column":63},"end":{"line":44,"column":1}},"line":37},"4":{"name":"(anonymous_4)","decl":{"start":{"line":47,"column":44},"end":{"line":47,"column":45}},"loc":{"start":{"line":47,"column":64},"end":{"line":55,"column":1}},"line":47},"5":{"name":"(anonymous_5)","decl":{"start":{"line":58,"column":42},"end":{"line":58,"column":43}},"loc":{"start":{"line":58,"column":62},"end":{"line":64,"column":1}},"line":58},"6":{"name":"(anonymous_6)","decl":{"start":{"line":67,"column":45},"end":{"line":67,"column":46}},"loc":{"start":{"line":67,"column":65},"end":{"line":73,"column":1}},"line":67},"7":{"name":"(anonymous_7)","decl":{"start":{"line":76,"column":44},"end":{"line":76,"column":45}},"loc":{"start":{"line":76,"column":64},"end":{"line":83,"column":1}},"line":76},"8":{"name":"(anonymous_8)","decl":{"start":{"line":86,"column":50},"end":{"line":86,"column":51}},"loc":{"start":{"line":86,"column":70},"end":{"line":96,"column":1}},"line":86},"9":{"name":"(anonymous_9)","decl":{"start":{"line":99,"column":49},"end":{"line":99,"column":50}},"loc":{"start":{"line":99,"column":69},"end":{"line":108,"column":1}},"line":99},"10":{"name":"(anonymous_10)","decl":{"start":{"line":111,"column":40},"end":{"line":111,"column":41}},"loc":{"start":{"line":111,"column":60},"end":{"line":118,"column":1}},"line":111},"11":{"name":"(anonymous_11)","decl":{"start":{"line":121,"column":40},"end":{"line":121,"column":41}},"loc":{"start":{"line":121,"column":60},"end":{"line":128,"column":1}},"line":121},"12":{"name":"(anonymous_12)","decl":{"start":{"line":131,"column":47},"end":{"line":131,"column":48}},"loc":{"start":{"line":131,"column":67},"end":{"line":146,"column":1}},"line":131},"13":{"name":"(anonymous_13)","decl":{"start":{"line":149,"column":42},"end":{"line":149,"column":43}},"loc":{"start":{"line":149,"column":62},"end":{"line":158,"column":1}},"line":149}},"branchMap":{"0":{"loc":{"start":{"line":134,"column":4},"end":{"line":139,"column":5}},"type":"if","locations":[{"start":{"line":134,"column":4},"end":{"line":139,"column":5}},{"start":{},"end":{}}],"line":134},"1":{"loc":{"start":{"line":134,"column":8},"end":{"line":134,"column":90}},"type":"binary-expr","locations":[{"start":{"line":134,"column":8},"end":{"line":134,"column":44}},{"start":{"line":134,"column":48},"end":{"line":134,"column":90}}],"line":134}},"s":{"0":1,"1":1,"2":1,"3":1,"4":1,"5":0,"6":0,"7":1,"8":0,"9":0,"10":1,"11":0,"12":0,"13":1,"14":1,"15":1,"16":1,"17":1,"18":0,"19":0,"20":1,"21":0,"22":0,"23":1,"24":0,"25":0,"26":1,"27":1,"28":1,"29":1,"30":0,"31":0,"32":0,"33":1,"34":0,"35":0,"36":1,"37":0,"38":0,"39":1,"40":0,"41":0,"42":0,"43":0,"44":0,"45":1,"46":0,"47":0,"48":0},"f":{"0":1,"1":0,"2":0,"3":0,"4":1,"5":0,"6":0,"7":0,"8":1,"9":0,"10":0,"11":0,"12":0,"13":0},"b":{"0":[0,0],"1":[0,0]},"inputSourceMap":null,"_coverageSchema":"1a1c01bbd47fc00a2c39e90264f33305004495a9","hash":"1e62e7e2686f6b7a963638a05b993daf781302f3"}
,"C:\\Users\\Vrajesh Pandya\\Desktop\\School-Management-System\\backend\\src\\controllers\\user.controller.js": {"path":"C:\\Users\\Vrajesh Pandya\\Desktop\\School-Management-System\\backend\\src\\controllers\\user.controller.js","statementMap":{"0":{"start":{"line":6,"column":26},"end":{"line":14,"column":2}},"1":{"start":{"line":7,"column":19},"end":{"line":7,"column":67}},"2":{"start":{"line":8,"column":4},"end":{"line":12,"column":7}},"3":{"start":{"line":13,"column":4},"end":{"line":13,"column":54}},"4":{"start":{"line":17,"column":24},"end":{"line":23,"column":2}},"5":{"start":{"line":18,"column":19},"end":{"line":18,"column":66}},"6":{"start":{"line":19,"column":4},"end":{"line":22,"column":7}},"7":{"start":{"line":26,"column":32},"end":{"line":38,"column":2}},"8":{"start":{"line":27,"column":36},"end":{"line":27,"column":44}},"9":{"start":{"line":28,"column":16},"end":{"line":28,"column":66}},"10":{"start":{"line":29,"column":27},"end":{"line":29,"column":97}},"11":{"start":{"line":31,"column":19},"end":{"line":31,"column":84}},"12":{"start":{"line":32,"column":4},"end":{"line":36,"column":7}},"13":{"start":{"line":37,"column":4},"end":{"line":37,"column":88}},"14":{"start":{"line":41,"column":31},"end":{"line":50,"column":2}},"15":{"start":{"line":42,"column":16},"end":{"line":42,"column":84}},"16":{"start":{"line":43,"column":19},"end":{"line":43,"column":67}},"17":{"start":{"line":44,"column":4},"end":{"line":48,"column":7}},"18":{"start":{"line":49,"column":4},"end":{"line":49,"column":82}}},"fnMap":{"0":{"name":"(anonymous_0)","decl":{"start":{"line":6,"column":39},"end":{"line":6,"column":40}},"loc":{"start":{"line":6,"column":59},"end":{"line":14,"column":1}},"line":6},"1":{"name":"(anonymous_1)","decl":{"start":{"line":17,"column":37},"end":{"line":17,"column":38}},"loc":{"start":{"line":17,"column":57},"end":{"line":23,"column":1}},"line":17},"2":{"name":"(anonymous_2)","decl":{"start":{"line":26,"column":45},"end":{"line":26,"column":46}},"loc":{"start":{"line":26,"column":65},"end":{"line":38,"column":1}},"line":26},"3":{"name":"(anonymous_3)","decl":{"start":{"line":41,"column":44},"end":{"line":41,"column":45}},"loc":{"start":{"line":41,"column":64},"end":{"line":50,"column":1}},"line":41}},"branchMap":{"0":{"loc":{"start":{"line":28,"column":16},"end":{"line":28,"column":66}},"type":"cond-expr","locations":[{"start":{"line":28,"column":41},"end":{"line":28,"column":48}},{"start":{"line":28,"column":51},"end":{"line":28,"column":66}}],"line":28},"1":{"loc":{"start":{"line":29,"column":27},"end":{"line":29,"column":97}},"type":"cond-expr","locations":[{"start":{"line":29,"column":54},"end":{"line":29,"column":64}},{"start":{"line":29,"column":68},"end":{"line":29,"column":96}}],"line":29},"2":{"loc":{"start":{"line":34,"column":26},"end":{"line":34,"column":66}},"type":"cond-expr","locations":[{"start":{"line":34,"column":43},"end":{"line":34,"column":53}},{"start":{"line":34,"column":56},"end":{"line":34,"column":66}}],"line":34},"3":{"loc":{"start":{"line":42,"column":16},"end":{"line":42,"column":84}},"type":"cond-expr","locations":[{"start":{"line":42,"column":50},"end":{"line":42,"column":66}},{"start":{"line":42,"column":69},"end":{"line":42,"column":84}}],"line":42}},"s":{"0":1,"1":0,"2":0,"3":0,"4":1,"5":0,"6":0,"7":1,"8":0,"9":0,"10":0,"11":0,"12":0,"13":0,"14":1,"15":0,"16":0,"17":0,"18":0},"f":{"0":0,"1":0,"2":0,"3":0},"b":{"0":[0,0],"1":[0,0],"2":[0,0],"3":[0,0]},"inputSourceMap":null,"_coverageSchema":"1a1c01bbd47fc00a2c39e90264f33305004495a9","hash":"cfb35f8391d9833d166da035789f0c5bfafbc9bb"}
,"C:\\Users\\Vrajesh Pandya\\Desktop\\School-Management-System\\backend\\src\\middlewares\\auth.middleware.js": {"path":"C:\\Users\\Vrajesh Pandya\\Desktop\\School-Management-System\\backend\\src\\middlewares\\auth.middleware.js","statementMap":{"0":{"start":{"line":6,"column":18},"end":{"line":36,"column":1}},"1":{"start":{"line":7,"column":4},"end":{"line":35,"column":5}},"2":{"start":{"line":9,"column":22},"end":{"line":9,"column":62}},"3":{"start":{"line":11,"column":8},"end":{"line":13,"column":9}},"4":{"start":{"line":12,"column":12},"end":{"line":12,"column":90}},"5":{"start":{"line":15,"column":24},"end":{"line":15,"column":58}},"6":{"start":{"line":18,"column":21},"end":{"line":20,"column":19}},"7":{"start":{"line":22,"column":8},"end":{"line":25,"column":9}},"8":{"start":{"line":23,"column":12},"end":{"line":23,"column":79}},"9":{"start":{"line":24,"column":12},"end":{"line":24,"column":87}},"10":{"start":{"line":26,"column":8},"end":{"line":26,"column":41}},"11":{"start":{"line":28,"column":8},"end":{"line":28,"column":24}},"12":{"start":{"line":29,"column":8},"end":{"line":29,"column":15}},"13":{"start":{"line":33,"column":8},"end":{"line":33,"column":64}},"14":{"start":{"line":34,"column":8},"end":{"line":34,"column":102}}},"fnMap":{"0":{"name":"(anonymous_0)","decl":{"start":{"line":6,"column":18},"end":{"line":6,"column":19}},"loc":{"start":{"line":6,"column":44},"end":{"line":36,"column":1}},"line":6}},"branchMap":{"0":{"loc":{"start":{"line":11,"column":8},"end":{"line":13,"column":9}},"type":"if","locations":[{"start":{"line":11,"column":8},"end":{"line":13,"column":9}},{"start":{},"end":{}}],"line":11},"1":{"loc":{"start":{"line":22,"column":8},"end":{"line":25,"column":9}},"type":"if","locations":[{"start":{"line":22,"column":8},"end":{"line":25,"column":9}},{"start":{},"end":{}}],"line":22}},"s":{"0":1,"1":6,"2":6,"3":6,"4":0,"5":6,"6":6,"7":6,"8":0,"9":0,"10":6,"11":6,"12":6,"13":0,"14":0},"f":{"0":6},"b":{"0":[0,6],"1":[0,6]},"inputSourceMap":null,"_coverageSchema":"1a1c01bbd47fc00a2c39e90264f33305004495a9","hash":"f8a300c74a08f56409aca41db4873e358efb43bd"}
,"C:\\Users\\Vrajesh Pandya\\Desktop\\School-Management-System\\backend\\src\\middlewares\\error.middleware.js": {"path":"C:\\Users\\Vrajesh Pandya\\Desktop\\School-Management-System\\backend\\src\\middlewares\\error.middleware.js","statementMap":{"0":{"start":{"line":8,"column":21},"end":{"line":84,"column":1}},"1":{"start":{"line":10,"column":21},"end":{"line":10,"column":42}},"2":{"start":{"line":11,"column":18},"end":{"line":11,"column":56}},"3":{"start":{"line":12,"column":20},"end":{"line":12,"column":36}},"4":{"start":{"line":13,"column":20},"end":{"line":13,"column":46}},"5":{"start":{"line":16,"column":4},"end":{"line":21,"column":5}},"6":{"start":{"line":17,"column":8},"end":{"line":17,"column":25}},"7":{"start":{"line":18,"column":22},"end":{"line":18,"column":50}},"8":{"start":{"line":19,"column":8},"end":{"line":19,"column":84}},"9":{"start":{"line":20,"column":8},"end":{"line":20,"column":36}},"10":{"start":{"line":24,"column":4},"end":{"line":28,"column":5}},"11":{"start":{"line":25,"column":8},"end":{"line":25,"column":25}},"12":{"start":{"line":26,"column":8},"end":{"line":26,"column":65}},"13":{"start":{"line":27,"column":8},"end":{"line":27,"column":33}},"14":{"start":{"line":31,"column":4},"end":{"line":37,"column":5}},"15":{"start":{"line":32,"column":8},"end":{"line":32,"column":25}},"16":{"start":{"line":33,"column":8},"end":{"line":33,"column":47}},"17":{"start":{"line":34,"column":8},"end":{"line":34,"column":42}},"18":{"start":{"line":36,"column":8},"end":{"line":36,"column":72}},"19":{"start":{"line":36,"column":59},"end":{"line":36,"column":70}},"20":{"start":{"line":40,"column":4},"end":{"line":44,"column":5}},"21":{"start":{"line":41,"column":8},"end":{"line":41,"column":25}},"22":{"start":{"line":42,"column":8},"end":{"line":42,"column":56}},"23":{"start":{"line":43,"column":8},"end":{"line":43,"column":36}},"24":{"start":{"line":47,"column":4},"end":{"line":51,"column":5}},"25":{"start":{"line":48,"column":8},"end":{"line":48,"column":25}},"26":{"start":{"line":49,"column":8},"end":{"line":49,"column":67}},"27":{"start":{"line":50,"column":8},"end":{"line":50,"column":36}},"28":{"start":{"line":54,"column":4},"end":{"line":62,"column":5}},"29":{"start":{"line":55,"column":8},"end":{"line":55,"column":25}},"30":{"start":{"line":56,"column":8},"end":{"line":56,"column":44}},"31":{"start":{"line":57,"column":8},"end":{"line":57,"column":39}},"32":{"start":{"line":58,"column":8},"end":{"line":61,"column":12}},"33":{"start":{"line":58,"column":43},"end":{"line":61,"column":9}},"34":{"start":{"line":65,"column":4},"end":{"line":72,"column":5}},"35":{"start":{"line":68,"column":8},"end":{"line":68,"column":86}},"36":{"start":{"line":71,"column":8},"end":{"line":71,"column":65}},"37":{"start":{"line":75,"column":21},"end":{"line":81,"column":5}},"38":{"start":{"line":83,"column":4},"end":{"line":83,"column":42}}},"fnMap":{"0":{"name":"(anonymous_0)","decl":{"start":{"line":8,"column":21},"end":{"line":8,"column":22}},"loc":{"start":{"line":8,"column":46},"end":{"line":84,"column":1}},"line":8},"1":{"name":"(anonymous_1)","decl":{"start":{"line":36,"column":50},"end":{"line":36,"column":51}},"loc":{"start":{"line":36,"column":59},"end":{"line":36,"column":70}},"line":36},"2":{"name":"(anonymous_2)","decl":{"start":{"line":58,"column":35},"end":{"line":58,"column":36}},"loc":{"start":{"line":58,"column":43},"end":{"line":61,"column":9}},"line":58}},"branchMap":{"0":{"loc":{"start":{"line":10,"column":21},"end":{"line":10,"column":42}},"type":"binary-expr","locations":[{"start":{"line":10,"column":21},"end":{"line":10,"column":35}},{"start":{"line":10,"column":39},"end":{"line":10,"column":42}}],"line":10},"1":{"loc":{"start":{"line":11,"column":18},"end":{"line":11,"column":56}},"type":"binary-expr","locations":[{"start":{"line":11,"column":18},"end":{"line":11,"column":29}},{"start":{"line":11,"column":33},"end":{"line":11,"column":56}}],"line":11},"2":{"loc":{"start":{"line":12,"column":20},"end":{"line":12,"column":36}},"type":"binary-expr","locations":[{"start":{"line":12,"column":20},"end":{"line":12,"column":28}},{"start":{"line":12,"column":32},"end":{"line":12,"column":36}}],"line":12},"3":{"loc":{"start":{"line":13,"column":20},"end":{"line":13,"column":46}},"type":"binary-expr","locations":[{"start":{"line":13,"column":20},"end":{"line":13,"column":28}},{"start":{"line":13,"column":32},"end":{"line":13,"column":46}}],"line":13},"4":{"loc":{"start":{"line":16,"column":4},"end":{"line":21,"column":5}},"type":"if","locations":[{"start":{"line":16,"column":4},"end":{"line":21,"column":5}},{"start":{},"end":{}}],"line":16},"5":{"loc":{"start":{"line":24,"column":4},"end":{"line":28,"column":5}},"type":"if","locations":[{"start":{"line":24,"column":4},"end":{"line":28,"column":5}},{"start":{},"end":{}}],"line":24},"6":{"loc":{"start":{"line":31,"column":4},"end":{"line":37,"column":5}},"type":"if","locations":[{"start":{"line":31,"column":4},"end":{"line":37,"column":5}},{"start":{},"end":{}}],"line":31},"7":{"loc":{"start":{"line":40,"column":4},"end":{"line":44,"column":5}},"type":"if","locations":[{"start":{"line":40,"column":4},"end":{"line":44,"column":5}},{"start":{},"end":{}}],"line":40},"8":{"loc":{"start":{"line":47,"column":4},"end":{"line":51,"column":5}},"type":"if","locations":[{"start":{"line":47,"column":4},"end":{"line":51,"column":5}},{"start":{},"end":{}}],"line":47},"9":{"loc":{"start":{"line":54,"column":4},"end":{"line":62,"column":5}},"type":"if","locations":[{"start":{"line":54,"column":4},"end":{"line":62,"column":5}},{"start":{},"end":{}}],"line":54},"10":{"loc":{"start":{"line":65,"column":4},"end":{"line":72,"column":5}},"type":"if","locations":[{"start":{"line":65,"column":4},"end":{"line":72,"column":5}},{"start":{"line":69,"column":11},"end":{"line":72,"column":5}}],"line":65},"11":{"loc":{"start":{"line":79,"column":12},"end":{"line":79,"column":44}},"type":"binary-expr","locations":[{"start":{"line":79,"column":12},"end":{"line":79,"column":21}},{"start":{"line":79,"column":25},"end":{"line":79,"column":44}}],"line":79},"12":{"loc":{"start":{"line":80,"column":12},"end":{"line":80,"column":74}},"type":"binary-expr","locations":[{"start":{"line":80,"column":12},"end":{"line":80,"column":50}},{"start":{"line":80,"column":54},"end":{"line":80,"column":74}}],"line":80}},"s":{"0":1,"1":0,"2":0,"3":0,"4":0,"5":0,"6":0,"7":0,"8":0,"9":0,"10":0,"11":0,"12":0,"13":0,"14":0,"15":0,"16":0,"17":0,"18":0,"19":0,"20":0,"21":0,"22":0,"23":0,"24":0,"25":0,"26":0,"27":0,"28":0,"29":0,"30":0,"31":0,"32":0,"33":0,"34":0,"35":0,"36":0,"37":0,"38":0},"f":{"0":0,"1":0,"2":0},"b":{"0":[0,0],"1":[0,0],"2":[0,0],"3":[0,0],"4":[0,0],"5":[0,0],"6":[0,0],"7":[0,0],"8":[0,0],"9":[0,0],"10":[0,0],"11":[0,0],"12":[0,0]},"inputSourceMap":null,"_coverageSchema":"1a1c01bbd47fc00a2c39e90264f33305004495a9","hash":"4c54d0e487b9c58e212804771d400104c104985c"}
,"C:\\Users\\Vrajesh Pandya\\Desktop\\School-Management-System\\backend\\src\\middlewares\\feature.middleware.js": {"path":"C:\\Users\\Vrajesh Pandya\\Desktop\\School-Management-System\\backend\\src\\middlewares\\feature.middleware.js","statementMap":{"0":{"start":{"line":6,"column":30},"end":{"line":40,"column":1}},"1":{"start":{"line":7,"column":4},"end":{"line":39,"column":6}},"2":{"start":{"line":8,"column":8},"end":{"line":38,"column":9}},"3":{"start":{"line":10,"column":25},"end":{"line":10,"column":33}},"4":{"start":{"line":11,"column":12},"end":{"line":13,"column":13}},"5":{"start":{"line":12,"column":16},"end":{"line":12,"column":100}},"6":{"start":{"line":15,"column":29},"end":{"line":15,"column":64}},"7":{"start":{"line":18,"column":12},"end":{"line":21,"column":13}},"8":{"start":{"line":19,"column":16},"end":{"line":19,"column":101}},"9":{"start":{"line":20,"column":16},"end":{"line":20,"column":96}},"10":{"start":{"line":24,"column":30},"end":{"line":24,"column":82}},"11":{"start":{"line":26,"column":12},"end":{"line":32,"column":13}},"12":{"start":{"line":27,"column":16},"end":{"line":27,"column":85}},"13":{"start":{"line":28,"column":16},"end":{"line":31,"column":19}},"14":{"start":{"line":34,"column":12},"end":{"line":34,"column":19}},"15":{"start":{"line":37,"column":12},"end":{"line":37,"column":24}}},"fnMap":{"0":{"name":"(anonymous_0)","decl":{"start":{"line":6,"column":30},"end":{"line":6,"column":31}},"loc":{"start":{"line":6,"column":46},"end":{"line":40,"column":1}},"line":6},"1":{"name":"(anonymous_1)","decl":{"start":{"line":7,"column":11},"end":{"line":7,"column":12}},"loc":{"start":{"line":7,"column":37},"end":{"line":39,"column":5}},"line":7}},"branchMap":{"0":{"loc":{"start":{"line":11,"column":12},"end":{"line":13,"column":13}},"type":"if","locations":[{"start":{"line":11,"column":12},"end":{"line":13,"column":13}},{"start":{},"end":{}}],"line":11},"1":{"loc":{"start":{"line":15,"column":29},"end":{"line":15,"column":64}},"type":"binary-expr","locations":[{"start":{"line":15,"column":29},"end":{"line":15,"column":47}},{"start":{"line":15,"column":51},"end":{"line":15,"column":64}}],"line":15},"2":{"loc":{"start":{"line":18,"column":12},"end":{"line":21,"column":13}},"type":"if","locations":[{"start":{"line":18,"column":12},"end":{"line":21,"column":13}},{"start":{},"end":{}}],"line":18},"3":{"loc":{"start":{"line":26,"column":12},"end":{"line":32,"column":13}},"type":"if","locations":[{"start":{"line":26,"column":12},"end":{"line":32,"column":13}},{"start":{},"end":{}}],"line":26}},"s":{"0":1,"1":3,"2":3,"3":3,"4":3,"5":0,"6":3,"7":3,"8":0,"9":0,"10":3,"11":3,"12":0,"13":0,"14":3,"15":0},"f":{"0":3,"1":3},"b":{"0":[0,3],"1":[3,3],"2":[0,3],"3":[0,3]},"inputSourceMap":null,"_coverageSchema":"1a1c01bbd47fc00a2c39e90264f33305004495a9","hash":"15673b795154223312d6d19f747e0248e00af250"}
,"C:\\Users\\Vrajesh Pandya\\Desktop\\School-Management-System\\backend\\src\\middlewares\\role.middleware.js": {"path":"C:\\Users\\Vrajesh Pandya\\Desktop\\School-Management-System\\backend\\src\\middlewares\\role.middleware.js","statementMap":{"0":{"start":{"line":5,"column":18},"end":{"line":23,"column":1}},"1":{"start":{"line":6,"column":4},"end":{"line":22,"column":6}},"2":{"start":{"line":9,"column":8},"end":{"line":12,"column":9}},"3":{"start":{"line":10,"column":12},"end":{"line":10,"column":68}},"4":{"start":{"line":11,"column":12},"end":{"line":11,"column":96}},"5":{"start":{"line":16,"column":8},"end":{"line":19,"column":9}},"6":{"start":{"line":17,"column":12},"end":{"line":17,"column":101}},"7":{"start":{"line":18,"column":12},"end":{"line":18,"column":86}},"8":{"start":{"line":21,"column":8},"end":{"line":21,"column":15}}},"fnMap":{"0":{"name":"(anonymous_0)","decl":{"start":{"line":5,"column":18},"end":{"line":5,"column":19}},"loc":{"start":{"line":5,"column":36},"end":{"line":23,"column":1}},"line":5},"1":{"name":"(anonymous_1)","decl":{"start":{"line":6,"column":11},"end":{"line":6,"column":12}},"loc":{"start":{"line":6,"column":31},"end":{"line":22,"column":5}},"line":6}},"branchMap":{"0":{"loc":{"start":{"line":9,"column":8},"end":{"line":12,"column":9}},"type":"if","locations":[{"start":{"line":9,"column":8},"end":{"line":12,"column":9}},{"start":{},"end":{}}],"line":9},"1":{"loc":{"start":{"line":16,"column":8},"end":{"line":19,"column":9}},"type":"if","locations":[{"start":{"line":16,"column":8},"end":{"line":19,"column":9}},{"start":{},"end":{}}],"line":16}},"s":{"0":1,"1":18,"2":4,"3":0,"4":0,"5":4,"6":0,"7":0,"8":4},"f":{"0":18,"1":4},"b":{"0":[0,4],"1":[0,4]},"inputSourceMap":null,"_coverageSchema":"1a1c01bbd47fc00a2c39e90264f33305004495a9","hash":"2024d57466f89172c335817e9d70f95e5605ddd7"}
,"C:\\Users\\Vrajesh Pandya\\Desktop\\School-Management-System\\backend\\src\\middlewares\\school.middleware.js": {"path":"C:\\Users\\Vrajesh Pandya\\Desktop\\School-Management-System\\backend\\src\\middlewares\\school.middleware.js","statementMap":{"0":{"start":{"line":5,"column":24},"end":{"line":30,"column":1}},"1":{"start":{"line":6,"column":4},"end":{"line":29,"column":5}},"2":{"start":{"line":8,"column":8},"end":{"line":10,"column":9}},"3":{"start":{"line":9,"column":12},"end":{"line":9,"column":95}},"4":{"start":{"line":13,"column":23},"end":{"line":13,"column":66}},"5":{"start":{"line":16,"column":8},"end":{"line":19,"column":9}},"6":{"start":{"line":17,"column":12},"end":{"line":17,"column":89}},"7":{"start":{"line":18,"column":12},"end":{"line":18,"column":96}},"8":{"start":{"line":22,"column":8},"end":{"line":24,"column":9}},"9":{"start":{"line":23,"column":12},"end":{"line":23,"column":44}},"10":{"start":{"line":26,"column":8},"end":{"line":26,"column":15}},"11":{"start":{"line":28,"column":8},"end":{"line":28,"column":20}}},"fnMap":{"0":{"name":"(anonymous_0)","decl":{"start":{"line":5,"column":24},"end":{"line":5,"column":25}},"loc":{"start":{"line":5,"column":44},"end":{"line":30,"column":1}},"line":5}},"branchMap":{"0":{"loc":{"start":{"line":8,"column":8},"end":{"line":10,"column":9}},"type":"if","locations":[{"start":{"line":8,"column":8},"end":{"line":10,"column":9}},{"start":{},"end":{}}],"line":8},"1":{"loc":{"start":{"line":13,"column":23},"end":{"line":13,"column":66}},"type":"binary-expr","locations":[{"start":{"line":13,"column":23},"end":{"line":13,"column":45}},{"start":{"line":13,"column":49},"end":{"line":13,"column":66}}],"line":13},"2":{"loc":{"start":{"line":16,"column":8},"end":{"line":19,"column":9}},"type":"if","locations":[{"start":{"line":16,"column":8},"end":{"line":19,"column":9}},{"start":{},"end":{}}],"line":16},"3":{"loc":{"start":{"line":16,"column":12},"end":{"line":16,"column":56}},"type":"binary-expr","locations":[{"start":{"line":16,"column":12},"end":{"line":16,"column":21}},{"start":{"line":16,"column":25},"end":{"line":16,"column":56}}],"line":16},"4":{"loc":{"start":{"line":22,"column":8},"end":{"line":24,"column":9}},"type":"if","locations":[{"start":{"line":22,"column":8},"end":{"line":24,"column":9}},{"start":{},"end":{}}],"line":22}},"s":{"0":1,"1":5,"2":5,"3":0,"4":5,"5":5,"6":0,"7":0,"8":5,"9":5,"10":5,"11":0},"f":{"0":5},"b":{"0":[0,5],"1":[5,5],"2":[0,5],"3":[5,0],"4":[5,0]},"inputSourceMap":null,"_coverageSchema":"1a1c01bbd47fc00a2c39e90264f33305004495a9","hash":"e6771c444c8af455add743117e1c925a3c39e323"}
,"C:\\Users\\Vrajesh Pandya\\Desktop\\School-Management-System\\backend\\src\\middlewares\\upload.middleware.js": {"path":"C:\\Users\\Vrajesh Pandya\\Desktop\\School-Management-System\\backend\\src\\middlewares\\upload.middleware.js","statementMap":{"0":{"start":{"line":7,"column":19},"end":{"line":7,"column":49}},"1":{"start":{"line":8,"column":18},"end":{"line":8,"column":42}},"2":{"start":{"line":11,"column":17},"end":{"line":11,"column":60}},"3":{"start":{"line":14,"column":0},"end":{"line":16,"column":1}},"4":{"start":{"line":15,"column":4},"end":{"line":15,"column":48}},"5":{"start":{"line":19,"column":16},"end":{"line":29,"column":2}},"6":{"start":{"line":20,"column":36},"end":{"line":20,"column":54}},"7":{"start":{"line":23,"column":25},"end":{"line":23,"column":79}},"8":{"start":{"line":24,"column":29},"end":{"line":24,"column":79}},"9":{"start":{"line":25,"column":20},"end":{"line":25,"column":65}},"10":{"start":{"line":27,"column":8},"end":{"line":27,"column":61}},"11":{"start":{"line":32,"column":19},"end":{"line":39,"column":1}},"12":{"start":{"line":33,"column":25},"end":{"line":33,"column":79}},"13":{"start":{"line":34,"column":4},"end":{"line":38,"column":5}},"14":{"start":{"line":35,"column":8},"end":{"line":35,"column":23}},"15":{"start":{"line":37,"column":8},"end":{"line":37,"column":88}},"16":{"start":{"line":41,"column":22},"end":{"line":45,"column":2}},"17":{"start":{"line":48,"column":26},"end":{"line":67,"column":1}},"18":{"start":{"line":49,"column":4},"end":{"line":66,"column":5}},"19":{"start":{"line":50,"column":8},"end":{"line":50,"column":36}},"20":{"start":{"line":50,"column":23},"end":{"line":50,"column":36}},"21":{"start":{"line":52,"column":25},"end":{"line":52,"column":64}},"22":{"start":{"line":55,"column":8},"end":{"line":55,"column":43}},"23":{"start":{"line":56,"column":8},"end":{"line":56,"column":43}},"24":{"start":{"line":58,"column":8},"end":{"line":58,"column":62}},"25":{"start":{"line":59,"column":8},"end":{"line":59,"column":20}},"26":{"start":{"line":62,"column":8},"end":{"line":64,"column":9}},"27":{"start":{"line":63,"column":12},"end":{"line":63,"column":78}},"28":{"start":{"line":65,"column":8},"end":{"line":65,"column":21}}},"fnMap":{"0":{"name":"(anonymous_0)","decl":{"start":{"line":20,"column":17},"end":{"line":20,"column":18}},"loc":{"start":{"line":20,"column":36},"end":{"line":20,"column":54}},"line":20},"1":{"name":"(anonymous_1)","decl":{"start":{"line":21,"column":14},"end":{"line":21,"column":15}},"loc":{"start":{"line":21,"column":33},"end":{"line":28,"column":5}},"line":21},"2":{"name":"(anonymous_2)","decl":{"start":{"line":32,"column":19},"end":{"line":32,"column":20}},"loc":{"start":{"line":32,"column":38},"end":{"line":39,"column":1}},"line":32},"3":{"name":"(anonymous_3)","decl":{"start":{"line":48,"column":26},"end":{"line":48,"column":27}},"loc":{"start":{"line":48,"column":46},"end":{"line":67,"column":1}},"line":48}},"branchMap":{"0":{"loc":{"start":{"line":14,"column":0},"end":{"line":16,"column":1}},"type":"if","locations":[{"start":{"line":14,"column":0},"end":{"line":16,"column":1}},{"start":{},"end":{}}],"line":14},"1":{"loc":{"start":{"line":23,"column":25},"end":{"line":23,"column":79}},"type":"binary-expr","locations":[{"start":{"line":23,"column":25},"end":{"line":23,"column":48}},{"start":{"line":23,"column":52},"end":{"line":23,"column":70}},{"start":{"line":23,"column":74},"end":{"line":23,"column":79}}],"line":23},"2":{"loc":{"start":{"line":34,"column":4},"end":{"line":38,"column":5}},"type":"if","locations":[{"start":{"line":34,"column":4},"end":{"line":38,"column":5}},{"start":{"line":36,"column":11},"end":{"line":38,"column":5}}],"line":34},"3":{"loc":{"start":{"line":50,"column":8},"end":{"line":50,"column":36}},"type":"if","locations":[{"start":{"line":50,"column":8},"end":{"line":50,"column":36}},{"start":{},"end":{}}],"line":50},"4":{"loc":{"start":{"line":62,"column":8},"end":{"line":64,"column":9}},"type":"if","locations":[{"start":{"line":62,"column":8},"end":{"line":64,"column":9}},{"start":{},"end":{}}],"line":62}},"s":{"0":1,"1":1,"2":1,"3":1,"4":0,"5":1,"6":0,"7":0,"8":0,"9":0,"10":0,"11":1,"12":0,"13":0,"14":0,"15":0,"16":1,"17":1,"18":0,"19":0,"20":0,"21":0,"22":0,"23":0,"24":0,"25":0,"26":0,"27":0,"28":0},"f":{"0":0,"1":0,"2":0,"3":0},"b":{"0":[0,1],"1":[0,0,0],"2":[0,0],"3":[0,0],"4":[0,0]},"inputSourceMap":null,"_coverageSchema":"1a1c01bbd47fc00a2c39e90264f33305004495a9","hash":"d523ae162653db59b4b2c34461cedf11c8072db8"}
,"C:\\Users\\Vrajesh Pandya\\Desktop\\School-Management-System\\backend\\src\\middlewares\\validation.middleware.js": {"path":"C:\\Users\\Vrajesh Pandya\\Desktop\\School-Management-System\\backend\\src\\middlewares\\validation.middleware.js","statementMap":{"0":{"start":{"line":6,"column":24},"end":{"line":35,"column":1}},"1":{"start":{"line":6,"column":36},"end":{"line":35,"column":1}},"2":{"start":{"line":7,"column":4},"end":{"line":34,"column":5}},"3":{"start":{"line":9,"column":8},"end":{"line":13,"column":11}},"4":{"start":{"line":14,"column":8},"end":{"line":14,"column":15}},"5":{"start":{"line":17,"column":8},"end":{"line":31,"column":9}},"6":{"start":{"line":18,"column":27},"end":{"line":18,"column":61}},"7":{"start":{"line":19,"column":27},"end":{"line":22,"column":15}},"8":{"start":{"line":19,"column":44},"end":{"line":22,"column":13}},"9":{"start":{"line":24,"column":12},"end":{"line":24,"column":87}},"10":{"start":{"line":24,"column":62},"end":{"line":24,"column":71}},"11":{"start":{"line":26,"column":12},"end":{"line":30,"column":15}},"12":{"start":{"line":33,"column":8},"end":{"line":33,"column":20}}},"fnMap":{"0":{"name":"(anonymous_0)","decl":{"start":{"line":6,"column":24},"end":{"line":6,"column":25}},"loc":{"start":{"line":6,"column":36},"end":{"line":35,"column":1}},"line":6},"1":{"name":"(anonymous_1)","decl":{"start":{"line":6,"column":36},"end":{"line":6,"column":37}},"loc":{"start":{"line":6,"column":56},"end":{"line":35,"column":1}},"line":6},"2":{"name":"(anonymous_2)","decl":{"start":{"line":19,"column":38},"end":{"line":19,"column":39}},"loc":{"start":{"line":19,"column":44},"end":{"line":22,"column":13}},"line":19},"3":{"name":"(anonymous_3)","decl":{"start":{"line":24,"column":57},"end":{"line":24,"column":58}},"loc":{"start":{"line":24,"column":62},"end":{"line":24,"column":71}},"line":24}},"branchMap":{"0":{"loc":{"start":{"line":17,"column":8},"end":{"line":31,"column":9}},"type":"if","locations":[{"start":{"line":17,"column":8},"end":{"line":31,"column":9}},{"start":{},"end":{}}],"line":17},"1":{"loc":{"start":{"line":18,"column":27},"end":{"line":18,"column":61}},"type":"binary-expr","locations":[{"start":{"line":18,"column":27},"end":{"line":18,"column":39}},{"start":{"line":18,"column":43},"end":{"line":18,"column":55}},{"start":{"line":18,"column":59},"end":{"line":18,"column":61}}],"line":18}},"s":{"0":1,"1":20,"2":5,"3":5,"4":5,"5":0,"6":0,"7":0,"8":0,"9":0,"10":0,"11":0,"12":0},"f":{"0":20,"1":5,"2":0,"3":0},"b":{"0":[0,0],"1":[0,0,0]},"inputSourceMap":null,"_coverageSchema":"1a1c01bbd47fc00a2c39e90264f33305004495a9","hash":"65623b6d2be4790edc65eb6a81fc28020430cadf"}
,"C:\\Users\\Vrajesh Pandya\\Desktop\\School-Management-System\\backend\\src\\models\\AdminProfile.model.js": {"path":"C:\\Users\\Vrajesh Pandya\\Desktop\\School-Management-System\\backend\\src\\models\\AdminProfile.model.js","statementMap":{"0":{"start":{"line":3,"column":27},"end":{"line":25,"column":1}}},"fnMap":{},"branchMap":{},"s":{"0":1},"f":{},"b":{},"inputSourceMap":null,"_coverageSchema":"1a1c01bbd47fc00a2c39e90264f33305004495a9","hash":"a62051c8c2720984f99c7626787bd81c709c74c9"}
,"C:\\Users\\Vrajesh Pandya\\Desktop\\School-Management-System\\backend\\src\\models\\Attendance.model.js": {"path":"C:\\Users\\Vrajesh Pandya\\Desktop\\School-Management-System\\backend\\src\\models\\Attendance.model.js","statementMap":{"0":{"start":{"line":3,"column":25},"end":{"line":36,"column":1}},"1":{"start":{"line":39,"column":0},"end":{"line":39,"column":68}}},"fnMap":{},"branchMap":{},"s":{"0":1,"1":1},"f":{},"b":{},"inputSourceMap":null,"_coverageSchema":"1a1c01bbd47fc00a2c39e90264f33305004495a9","hash":"09ff4d8cc54c94d8a1c95c7856c17d2dbc8c7993"}
,"C:\\Users\\Vrajesh Pandya\\Desktop\\School-Management-System\\backend\\src\\models\\School.model.js": {"path":"C:\\Users\\Vrajesh Pandya\\Desktop\\School-Management-System\\backend\\src\\models\\School.model.js","statementMap":{"0":{"start":{"line":3,"column":21},"end":{"line":65,"column":1}},"1":{"start":{"line":68,"column":0},"end":{"line":74,"column":3}},"2":{"start":{"line":77,"column":0},"end":{"line":83,"column":3}},"3":{"start":{"line":86,"column":0},"end":{"line":92,"column":3}}},"fnMap":{},"branchMap":{},"s":{"0":1,"1":1,"2":1,"3":1},"f":{},"b":{},"inputSourceMap":null,"_coverageSchema":"1a1c01bbd47fc00a2c39e90264f33305004495a9","hash":"581693828fbc7ce1daa4d20473a8263d272ead8c"}
,"C:\\Users\\Vrajesh Pandya\\Desktop\\School-Management-System\\backend\\src\\models\\StudentProfile.model.js": {"path":"C:\\Users\\Vrajesh Pandya\\Desktop\\School-Management-System\\backend\\src\\models\\StudentProfile.model.js","statementMap":{"0":{"start":{"line":3,"column":29},"end":{"line":60,"column":1}},"1":{"start":{"line":66,"column":0},"end":{"line":69,"column":2}}},"fnMap":{},"branchMap":{},"s":{"0":1,"1":1},"f":{},"b":{},"inputSourceMap":null,"_coverageSchema":"1a1c01bbd47fc00a2c39e90264f33305004495a9","hash":"5cdee835f0b73770fb3ddd37d3ccea60d0e97665"}
,"C:\\Users\\Vrajesh Pandya\\Desktop\\School-Management-System\\backend\\src\\models\\TeacherProfile.model.js": {"path":"C:\\Users\\Vrajesh Pandya\\Desktop\\School-Management-System\\backend\\src\\models\\TeacherProfile.model.js","statementMap":{"0":{"start":{"line":3,"column":29},"end":{"line":59,"column":1}}},"fnMap":{},"branchMap":{},"s":{"0":1},"f":{},"b":{},"inputSourceMap":null,"_coverageSchema":"1a1c01bbd47fc00a2c39e90264f33305004495a9","hash":"7d6cf706a4ac7589fa8966735f5c51c45422d957"}
,"C:\\Users\\Vrajesh Pandya\\Desktop\\School-Management-System\\backend\\src\\models\\Timetable.model.js": {"path":"C:\\Users\\Vrajesh Pandya\\Desktop\\School-Management-System\\backend\\src\\models\\Timetable.model.js","statementMap":{"0":{"start":{"line":4,"column":22},"end":{"line":26,"column":1}},"1":{"start":{"line":28,"column":0},"end":{"line":28,"column":64}},"2":{"start":{"line":31,"column":23},"end":{"line":47,"column":1}},"3":{"start":{"line":49,"column":0},"end":{"line":49,"column":71}},"4":{"start":{"line":52,"column":24},"end":{"line":67,"column":1}},"5":{"start":{"line":69,"column":0},"end":{"line":72,"column":2}},"6":{"start":{"line":75,"column":21},"end":{"line":75,"column":63}},"7":{"start":{"line":77,"column":29},"end":{"line":113,"column":1}},"8":{"start":{"line":115,"column":0},"end":{"line":118,"column":2}},"9":{"start":{"line":119,"column":0},"end":{"line":119,"column":87}},"10":{"start":{"line":122,"column":23},"end":{"line":122,"column":63}},"11":{"start":{"line":123,"column":24},"end":{"line":123,"column":66}},"12":{"start":{"line":124,"column":25},"end":{"line":124,"column":69}},"13":{"start":{"line":125,"column":30},"end":{"line":125,"column":84}}},"fnMap":{},"branchMap":{},"s":{"0":1,"1":1,"2":1,"3":1,"4":1,"5":1,"6":1,"7":1,"8":1,"9":1,"10":1,"11":1,"12":1,"13":1},"f":{},"b":{},"inputSourceMap":null,"_coverageSchema":"1a1c01bbd47fc00a2c39e90264f33305004495a9","hash":"12d0d4ca8a3f85e260482229142bf60e8efbe61b"}
,"C:\\Users\\Vrajesh Pandya\\Desktop\\School-Management-System\\backend\\src\\models\\User.model.js": {"path":"C:\\Users\\Vrajesh Pandya\\Desktop\\School-Management-System\\backend\\src\\models\\User.model.js","statementMap":{"0":{"start":{"line":4,"column":19},"end":{"line":89,"column":1}},"1":{"start":{"line":93,"column":0},"end":{"line":98,"column":3}},"2":{"start":{"line":100,"column":0},"end":{"line":105,"column":3}}},"fnMap":{},"branchMap":{},"s":{"0":1,"1":1,"2":1},"f":{},"b":{},"inputSourceMap":null,"_coverageSchema":"1a1c01bbd47fc00a2c39e90264f33305004495a9","hash":"a9b1a6ae97f92167aed2b561d26bcc9078241066"}
,"C:\\Users\\Vrajesh Pandya\\Desktop\\School-Management-System\\backend\\src\\routes\\attendance.route.js": {"path":"C:\\Users\\Vrajesh Pandya\\Desktop\\School-Management-System\\backend\\src\\routes\\attendance.route.js","statementMap":{"0":{"start":{"line":8,"column":15},"end":{"line":8,"column":31}},"1":{"start":{"line":14,"column":0},"end":{"line":20,"column":2}},"2":{"start":{"line":25,"column":0},"end":{"line":38,"column":2}},"3":{"start":{"line":30,"column":26},"end":{"line":30,"column":53}},"4":{"start":{"line":31,"column":8},"end":{"line":33,"column":9}},"5":{"start":{"line":32,"column":12},"end":{"line":32,"column":26}},"6":{"start":{"line":35,"column":8},"end":{"line":35,"column":41}}},"fnMap":{"0":{"name":"(anonymous_0)","decl":{"start":{"line":28,"column":4},"end":{"line":28,"column":5}},"loc":{"start":{"line":28,"column":24},"end":{"line":36,"column":5}},"line":28}},"branchMap":{"0":{"loc":{"start":{"line":31,"column":8},"end":{"line":33,"column":9}},"type":"if","locations":[{"start":{"line":31,"column":8},"end":{"line":33,"column":9}},{"start":{},"end":{}}],"line":31}},"s":{"0":1,"1":1,"2":1,"3":0,"4":0,"5":0,"6":0},"f":{"0":0},"b":{"0":[0,0]},"inputSourceMap":null,"_coverageSchema":"1a1c01bbd47fc00a2c39e90264f33305004495a9","hash":"d0e88f26008c1d6071405a18ae3a765c132b5607"}
,"C:\\Users\\Vrajesh Pandya\\Desktop\\School-Management-System\\backend\\src\\routes\\auth.route.js": {"path":"C:\\Users\\Vrajesh Pandya\\Desktop\\School-Management-System\\backend\\src\\routes\\auth.route.js","statementMap":{"0":{"start":{"line":7,"column":15},"end":{"line":7,"column":31}},"1":{"start":{"line":10,"column":0},"end":{"line":10,"column":52}},"2":{"start":{"line":13,"column":0},"end":{"line":13,"column":46}}},"fnMap":{},"branchMap":{},"s":{"0":1,"1":1,"2":1},"f":{},"b":{},"inputSourceMap":null,"_coverageSchema":"1a1c01bbd47fc00a2c39e90264f33305004495a9","hash":"15823fc7b97fdb20b9f977a9ca96e1887abfd5f2"}
,"C:\\Users\\Vrajesh Pandya\\Desktop\\School-Management-System\\backend\\src\\routes\\index.route.js": {"path":"C:\\Users\\Vrajesh Pandya\\Desktop\\School-Management-System\\backend\\src\\routes\\index.route.js","statementMap":{"0":{"start":{"line":10,"column":15},"end":{"line":10,"column":31}},"1":{"start":{"line":12,"column":0},"end":{"line":12,"column":32}},"2":{"start":{"line":13,"column":0},"end":{"line":13,"column":33}},"3":{"start":{"line":14,"column":0},"end":{"line":14,"column":36}},"4":{"start":{"line":15,"column":0},"end":{"line":15,"column":41}},"5":{"start":{"line":16,"column":0},"end":{"line":16,"column":43}},"6":{"start":{"line":17,"column":0},"end":{"line":17,"column":40}},"7":{"start":{"line":18,"column":0},"end":{"line":18,"column":44}}},"fnMap":{},"branchMap":{},"s":{"0":1,"1":1,"2":1,"3":1,"4":1,"5":1,"6":1,"7":1},"f":{},"b":{},"inputSourceMap":null,"_coverageSchema":"1a1c01bbd47fc00a2c39e90264f33305004495a9","hash":"cec8295459534c36551248f14c119287b9db7233"}
,"C:\\Users\\Vrajesh Pandya\\Desktop\\School-Management-System\\backend\\src\\routes\\schedule.route.js": {"path":"C:\\Users\\Vrajesh Pandya\\Desktop\\School-Management-System\\backend\\src\\routes\\schedule.route.js","statementMap":{"0":{"start":{"line":7,"column":15},"end":{"line":7,"column":31}},"1":{"start":{"line":9,"column":0},"end":{"line":9,"column":22}},"2":{"start":{"line":10,"column":0},"end":{"line":10,"column":28}},"3":{"start":{"line":11,"column":0},"end":{"line":11,"column":40}},"4":{"start":{"line":14,"column":0},"end":{"line":14,"column":33}}},"fnMap":{},"branchMap":{},"s":{"0":1,"1":1,"2":1,"3":1,"4":1},"f":{},"b":{},"inputSourceMap":null,"_coverageSchema":"1a1c01bbd47fc00a2c39e90264f33305004495a9","hash":"5b90bfa99377752620bf61e204f18e9b4dae30b6"}
,"C:\\Users\\Vrajesh Pandya\\Desktop\\School-Management-System\\backend\\src\\routes\\school.route.js": {"path":"C:\\Users\\Vrajesh Pandya\\Desktop\\School-Management-System\\backend\\src\\routes\\school.route.js","statementMap":{"0":{"start":{"line":20,"column":15},"end":{"line":20,"column":31}},"1":{"start":{"line":22,"column":0},"end":{"line":22,"column":22}},"2":{"start":{"line":23,"column":0},"end":{"line":23,"column":28}},"3":{"start":{"line":30,"column":0},"end":{"line":30,"column":38}},"4":{"start":{"line":33,"column":0},"end":{"line":38,"column":2}},"5":{"start":{"line":41,"column":0},"end":{"line":47,"column":2}},"6":{"start":{"line":50,"column":0},"end":{"line":55,"column":2}}},"fnMap":{},"branchMap":{},"s":{"0":1,"1":1,"2":1,"3":1,"4":1,"5":1,"6":1},"f":{},"b":{},"inputSourceMap":null,"_coverageSchema":"1a1c01bbd47fc00a2c39e90264f33305004495a9","hash":"365839b9bd3982d1cf80a0abcfb0e439b04975b7"}
,"C:\\Users\\Vrajesh Pandya\\Desktop\\School-Management-System\\backend\\src\\routes\\timeslot.route.js": {"path":"C:\\Users\\Vrajesh Pandya\\Desktop\\School-Management-System\\backend\\src\\routes\\timeslot.route.js","statementMap":{"0":{"start":{"line":20,"column":15},"end":{"line":20,"column":31}},"1":{"start":{"line":22,"column":0},"end":{"line":22,"column":22}},"2":{"start":{"line":23,"column":0},"end":{"line":23,"column":28}},"3":{"start":{"line":24,"column":0},"end":{"line":24,"column":40}},"4":{"start":{"line":27,"column":0},"end":{"line":31,"column":2}},"5":{"start":{"line":34,"column":0},"end":{"line":39,"column":2}},"6":{"start":{"line":42,"column":0},"end":{"line":47,"column":2}},"7":{"start":{"line":50,"column":0},"end":{"line":55,"column":2}}},"fnMap":{},"branchMap":{},"s":{"0":1,"1":1,"2":1,"3":1,"4":1,"5":1,"6":1,"7":1},"f":{},"b":{},"inputSourceMap":null,"_coverageSchema":"1a1c01bbd47fc00a2c39e90264f33305004495a9","hash":"48eb9cae8ab1ffd72a8e0026a9de9f78a0ba43fd"}
,"C:\\Users\\Vrajesh Pandya\\Desktop\\School-Management-System\\backend\\src\\routes\\timetable.route.js": {"path":"C:\\Users\\Vrajesh Pandya\\Desktop\\School-Management-System\\backend\\src\\routes\\timetable.route.js","statementMap":{"0":{"start":{"line":27,"column":15},"end":{"line":27,"column":31}},"1":{"start":{"line":29,"column":0},"end":{"line":29,"column":22}},"2":{"start":{"line":30,"column":0},"end":{"line":30,"column":28}},"3":{"start":{"line":31,"column":0},"end":{"line":31,"column":40}},"4":{"start":{"line":36,"column":0},"end":{"line":40,"column":2}},"5":{"start":{"line":43,"column":0},"end":{"line":48,"column":2}},"6":{"start":{"line":51,"column":0},"end":{"line":56,"column":2}},"7":{"start":{"line":59,"column":0},"end":{"line":64,"column":2}},"8":{"start":{"line":67,"column":0},"end":{"line":72,"column":2}},"9":{"start":{"line":77,"column":0},"end":{"line":82,"column":2}},"10":{"start":{"line":87,"column":0},"end":{"line":92,"column":2}},"11":{"start":{"line":95,"column":0},"end":{"line":100,"column":2}}},"fnMap":{},"branchMap":{},"s":{"0":1,"1":1,"2":1,"3":1,"4":1,"5":1,"6":1,"7":1,"8":1,"9":1,"10":1,"11":1},"f":{},"b":{},"inputSourceMap":null,"_coverageSchema":"1a1c01bbd47fc00a2c39e90264f33305004495a9","hash":"34fe42ea213c61b39187c44d8475b0d94038d4bb"}
,"C:\\Users\\Vrajesh Pandya\\Desktop\\School-Management-System\\backend\\src\\routes\\user.route.js": {"path":"C:\\Users\\Vrajesh Pandya\\Desktop\\School-Management-System\\backend\\src\\routes\\user.route.js","statementMap":{"0":{"start":{"line":18,"column":15},"end":{"line":18,"column":31}},"1":{"start":{"line":21,"column":0},"end":{"line":21,"column":22}},"2":{"start":{"line":24,"column":0},"end":{"line":24,"column":52}},"3":{"start":{"line":27,"column":0},"end":{"line":32,"column":2}},"4":{"start":{"line":35,"column":0},"end":{"line":40,"column":2}},"5":{"start":{"line":43,"column":0},"end":{"line":48,"column":2}}},"fnMap":{},"branchMap":{},"s":{"0":1,"1":1,"2":1,"3":1,"4":1,"5":1},"f":{},"b":{},"inputSourceMap":null,"_coverageSchema":"1a1c01bbd47fc00a2c39e90264f33305004495a9","hash":"6c2b68ccc0802a0c3b848738e6346b39886a5a93"}
,"C:\\Users\\Vrajesh Pandya\\Desktop\\School-Management-System\\backend\\src\\services\\attendence.service.js": {"path":"C:\\Users\\Vrajesh Pandya\\Desktop\\School-Management-System\\backend\\src\\services\\attendence.service.js","statementMap":{"0":{"start":{"line":11,"column":26},"end":{"line":44,"column":1}},"1":{"start":{"line":12,"column":4},"end":{"line":12,"column":85}},"2":{"start":{"line":12,"column":31},"end":{"line":12,"column":85}},"3":{"start":{"line":14,"column":21},"end":{"line":14,"column":34}},"4":{"start":{"line":17,"column":21},"end":{"line":17,"column":82}},"5":{"start":{"line":18,"column":4},"end":{"line":20,"column":5}},"6":{"start":{"line":19,"column":8},"end":{"line":19,"column":77}},"7":{"start":{"line":24,"column":27},"end":{"line":28,"column":34}},"8":{"start":{"line":30,"column":4},"end":{"line":32,"column":5}},"9":{"start":{"line":31,"column":8},"end":{"line":31,"column":81}},"10":{"start":{"line":34,"column":17},"end":{"line":40,"column":5}},"11":{"start":{"line":42,"column":4},"end":{"line":42,"column":69}},"12":{"start":{"line":43,"column":4},"end":{"line":43,"column":29}},"13":{"start":{"line":49,"column":35},"end":{"line":109,"column":1}},"14":{"start":{"line":50,"column":4},"end":{"line":50,"column":64}},"15":{"start":{"line":50,"column":17},"end":{"line":50,"column":64}},"16":{"start":{"line":53,"column":20},"end":{"line":58,"column":15}},"17":{"start":{"line":60,"column":4},"end":{"line":60,"column":67}},"18":{"start":{"line":60,"column":18},"end":{"line":60,"column":67}},"19":{"start":{"line":63,"column":23},"end":{"line":63,"column":33}},"20":{"start":{"line":64,"column":4},"end":{"line":64,"column":36}},"21":{"start":{"line":67,"column":21},"end":{"line":70,"column":13}},"22":{"start":{"line":72,"column":4},"end":{"line":77,"column":5}},"23":{"start":{"line":73,"column":8},"end":{"line":76,"column":11}},"24":{"start":{"line":80,"column":22},"end":{"line":87,"column":6}},"25":{"start":{"line":90,"column":4},"end":{"line":100,"column":5}},"26":{"start":{"line":91,"column":19},"end":{"line":91,"column":26}},"27":{"start":{"line":92,"column":8},"end":{"line":97,"column":11}},"28":{"start":{"line":99,"column":8},"end":{"line":99,"column":58}},"29":{"start":{"line":102,"column":4},"end":{"line":108,"column":6}}},"fnMap":{"0":{"name":"(anonymous_0)","decl":{"start":{"line":11,"column":26},"end":{"line":11,"column":27}},"loc":{"start":{"line":11,"column":55},"end":{"line":44,"column":1}},"line":11},"1":{"name":"(anonymous_1)","decl":{"start":{"line":49,"column":35},"end":{"line":49,"column":36}},"loc":{"start":{"line":49,"column":64},"end":{"line":109,"column":1}},"line":49}},"branchMap":{"0":{"loc":{"start":{"line":12,"column":4},"end":{"line":12,"column":85}},"type":"if","locations":[{"start":{"line":12,"column":4},"end":{"line":12,"column":85}},{"start":{},"end":{}}],"line":12},"1":{"loc":{"start":{"line":12,"column":8},"end":{"line":12,"column":29}},"type":"binary-expr","locations":[{"start":{"line":12,"column":8},"end":{"line":12,"column":18}},{"start":{"line":12,"column":22},"end":{"line":12,"column":29}}],"line":12},"2":{"loc":{"start":{"line":18,"column":4},"end":{"line":20,"column":5}},"type":"if","locations":[{"start":{"line":18,"column":4},"end":{"line":20,"column":5}},{"start":{},"end":{}}],"line":18},"3":{"loc":{"start":{"line":18,"column":8},"end":{"line":18,"column":57}},"type":"binary-expr","locations":[{"start":{"line":18,"column":8},"end":{"line":18,"column":16}},{"start":{"line":18,"column":20},"end":{"line":18,"column":57}}],"line":18},"4":{"loc":{"start":{"line":30,"column":4},"end":{"line":32,"column":5}},"type":"if","locations":[{"start":{"line":30,"column":4},"end":{"line":32,"column":5}},{"start":{},"end":{}}],"line":30},"5":{"loc":{"start":{"line":50,"column":4},"end":{"line":50,"column":64}},"type":"if","locations":[{"start":{"line":50,"column":4},"end":{"line":50,"column":64}},{"start":{},"end":{}}],"line":50},"6":{"loc":{"start":{"line":60,"column":4},"end":{"line":60,"column":67}},"type":"if","locations":[{"start":{"line":60,"column":4},"end":{"line":60,"column":67}},{"start":{},"end":{}}],"line":60},"7":{"loc":{"start":{"line":72,"column":4},"end":{"line":77,"column":5}},"type":"if","locations":[{"start":{"line":72,"column":4},"end":{"line":77,"column":5}},{"start":{},"end":{}}],"line":72}},"s":{"0":1,"1":0,"2":0,"3":0,"4":0,"5":0,"6":0,"7":0,"8":0,"9":0,"10":0,"11":0,"12":0,"13":1,"14":0,"15":0,"16":0,"17":0,"18":0,"19":0,"20":0,"21":0,"22":0,"23":0,"24":0,"25":0,"26":0,"27":0,"28":0,"29":0},"f":{"0":0,"1":0},"b":{"0":[0,0],"1":[0,0],"2":[0,0],"3":[0,0],"4":[0,0],"5":[0,0],"6":[0,0],"7":[0,0]},"inputSourceMap":null,"_coverageSchema":"1a1c01bbd47fc00a2c39e90264f33305004495a9","hash":"edb0c615b2a130fc4c6d538dbcd95f8f10f37b74"}
,"C:\\Users\\Vrajesh Pandya\\Desktop\\School-Management-System\\backend\\src\\services\\auth.service.js": {"path":"C:\\Users\\Vrajesh Pandya\\Desktop\\School-Management-System\\backend\\src\\services\\auth.service.js","statementMap":{"0":{"start":{"line":9,"column":21},"end":{"line":49,"column":1}},"1":{"start":{"line":10,"column":4},"end":{"line":10,"column":91}},"2":{"start":{"line":10,"column":29},"end":{"line":10,"column":91}},"3":{"start":{"line":13,"column":17},"end":{"line":13,"column":100}},"4":{"start":{"line":15,"column":4},"end":{"line":15,"column":65}},"5":{"start":{"line":15,"column":15},"end":{"line":15,"column":65}},"6":{"start":{"line":18,"column":4},"end":{"line":18,"column":77}},"7":{"start":{"line":18,"column":24},"end":{"line":18,"column":77}},"8":{"start":{"line":21,"column":4},"end":{"line":21,"column":99}},"9":{"start":{"line":21,"column":42},"end":{"line":21,"column":99}},"10":{"start":{"line":24,"column":20},"end":{"line":24,"column":65}},"11":{"start":{"line":25,"column":4},"end":{"line":25,"column":68}},"12":{"start":{"line":25,"column":18},"end":{"line":25,"column":68}},"13":{"start":{"line":28,"column":4},"end":{"line":28,"column":83}},"14":{"start":{"line":31,"column":18},"end":{"line":35,"column":5}},"15":{"start":{"line":39,"column":25},"end":{"line":46,"column":5}},"16":{"start":{"line":48,"column":4},"end":{"line":48,"column":41}},"17":{"start":{"line":52,"column":22},"end":{"line":54,"column":1}},"18":{"start":{"line":53,"column":4},"end":{"line":53,"column":50}}},"fnMap":{"0":{"name":"(anonymous_0)","decl":{"start":{"line":9,"column":21},"end":{"line":9,"column":22}},"loc":{"start":{"line":9,"column":48},"end":{"line":49,"column":1}},"line":9},"1":{"name":"(anonymous_1)","decl":{"start":{"line":52,"column":22},"end":{"line":52,"column":23}},"loc":{"start":{"line":52,"column":34},"end":{"line":54,"column":1}},"line":52}},"branchMap":{"0":{"loc":{"start":{"line":10,"column":4},"end":{"line":10,"column":91}},"type":"if","locations":[{"start":{"line":10,"column":4},"end":{"line":10,"column":91}},{"start":{},"end":{}}],"line":10},"1":{"loc":{"start":{"line":10,"column":8},"end":{"line":10,"column":27}},"type":"binary-expr","locations":[{"start":{"line":10,"column":8},"end":{"line":10,"column":14}},{"start":{"line":10,"column":18},"end":{"line":10,"column":27}}],"line":10},"2":{"loc":{"start":{"line":15,"column":4},"end":{"line":15,"column":65}},"type":"if","locations":[{"start":{"line":15,"column":4},"end":{"line":15,"column":65}},{"start":{},"end":{}}],"line":15},"3":{"loc":{"start":{"line":18,"column":4},"end":{"line":18,"column":77}},"type":"if","locations":[{"start":{"line":18,"column":4},"end":{"line":18,"column":77}},{"start":{},"end":{}}],"line":18},"4":{"loc":{"start":{"line":21,"column":4},"end":{"line":21,"column":99}},"type":"if","locations":[{"start":{"line":21,"column":4},"end":{"line":21,"column":99}},{"start":{},"end":{}}],"line":21},"5":{"loc":{"start":{"line":25,"column":4},"end":{"line":25,"column":68}},"type":"if","locations":[{"start":{"line":25,"column":4},"end":{"line":25,"column":68}},{"start":{},"end":{}}],"line":25}},"s":{"0":1,"1":1,"2":0,"3":1,"4":1,"5":0,"6":1,"7":0,"8":1,"9":0,"10":1,"11":1,"12":0,"13":1,"14":1,"15":1,"16":1,"17":1,"18":0},"f":{"0":1,"1":0},"b":{"0":[0,1],"1":[1,1],"2":[0,1],"3":[0,1],"4":[0,1],"5":[0,1]},"inputSourceMap":null,"_coverageSchema":"1a1c01bbd47fc00a2c39e90264f33305004495a9","hash":"c3b4fedaeb642953f487a305e4e12959e919983a"}
,"C:\\Users\\Vrajesh Pandya\\Desktop\\School-Management-System\\backend\\src\\services\\school.service.js": {"path":"C:\\Users\\Vrajesh Pandya\\Desktop\\School-Management-System\\backend\\src\\services\\school.service.js","statementMap":{"0":{"start":{"line":9,"column":28},"end":{"line":29,"column":1}},"1":{"start":{"line":10,"column":19},"end":{"line":10,"column":79}},"2":{"start":{"line":11,"column":4},"end":{"line":11,"column":73}},"3":{"start":{"line":11,"column":16},"end":{"line":11,"column":73}},"4":{"start":{"line":13,"column":22},"end":{"line":17,"column":6}},"5":{"start":{"line":19,"column":17},"end":{"line":25,"column":5}},"6":{"start":{"line":27,"column":4},"end":{"line":27,"column":53}},"7":{"start":{"line":28,"column":4},"end":{"line":28,"column":28}},"8":{"start":{"line":33,"column":28},"end":{"line":54,"column":1}},"9":{"start":{"line":35,"column":27},"end":{"line":35,"column":29}},"10":{"start":{"line":36,"column":4},"end":{"line":36,"column":63}},"11":{"start":{"line":36,"column":25},"end":{"line":36,"column":63}},"12":{"start":{"line":37,"column":4},"end":{"line":37,"column":72}},"13":{"start":{"line":37,"column":28},"end":{"line":37,"column":72}},"14":{"start":{"line":38,"column":4},"end":{"line":38,"column":87}},"15":{"start":{"line":38,"column":33},"end":{"line":38,"column":87}},"16":{"start":{"line":39,"column":4},"end":{"line":39,"column":87}},"17":{"start":{"line":39,"column":33},"end":{"line":39,"column":87}},"18":{"start":{"line":40,"column":4},"end":{"line":40,"column":66}},"19":{"start":{"line":40,"column":26},"end":{"line":40,"column":66}},"20":{"start":{"line":42,"column":20},"end":{"line":42,"column":112}},"21":{"start":{"line":43,"column":4},"end":{"line":43,"column":65}},"22":{"start":{"line":43,"column":18},"end":{"line":43,"column":65}},"23":{"start":{"line":45,"column":17},"end":{"line":51,"column":5}},"24":{"start":{"line":53,"column":4},"end":{"line":53,"column":28}},"25":{"start":{"line":57,"column":32},"end":{"line":73,"column":1}},"26":{"start":{"line":59,"column":4},"end":{"line":59,"column":73}},"27":{"start":{"line":59,"column":19},"end":{"line":59,"column":73}},"28":{"start":{"line":61,"column":19},"end":{"line":61,"column":57}},"29":{"start":{"line":62,"column":4},"end":{"line":62,"column":64}},"30":{"start":{"line":62,"column":17},"end":{"line":62,"column":64}},"31":{"start":{"line":64,"column":17},"end":{"line":70,"column":5}},"32":{"start":{"line":72,"column":4},"end":{"line":72,"column":28}},"33":{"start":{"line":76,"column":33},"end":{"line":83,"column":1}},"34":{"start":{"line":78,"column":28},"end":{"line":78,"column":101}},"35":{"start":{"line":79,"column":4},"end":{"line":79,"column":56}},"36":{"start":{"line":79,"column":19},"end":{"line":79,"column":56}},"37":{"start":{"line":81,"column":19},"end":{"line":81,"column":86}},"38":{"start":{"line":82,"column":4},"end":{"line":82,"column":51}},"39":{"start":{"line":85,"column":26},"end":{"line":96,"column":1}},"40":{"start":{"line":86,"column":19},"end":{"line":86,"column":50}},"41":{"start":{"line":87,"column":4},"end":{"line":87,"column":64}},"42":{"start":{"line":87,"column":17},"end":{"line":87,"column":64}},"43":{"start":{"line":89,"column":20},"end":{"line":89,"column":34}},"44":{"start":{"line":90,"column":4},"end":{"line":90,"column":30}},"45":{"start":{"li
[...]
":{"line":60,"column":29}},"23":{"start":{"line":64,"column":8},"end":{"line":64,"column":42}},"24":{"start":{"line":67,"column":8},"end":{"line":67,"column":100}},"25":{"start":{"line":67,"column":64},"end":{"line":67,"column":98}},"26":{"start":{"line":69,"column":21},"end":{"line":76,"column":9}},"27":{"start":{"line":78,"column":8},"end":{"line":78,"column":30}},"28":{"start":{"line":80,"column":8},"end":{"line":80,"column":41}},"29":{"start":{"line":81,"column":8},"end":{"line":81,"column":20}},"30":{"start":{"line":83,"column":8},"end":{"line":83,"column":29}},"31":{"start":{"line":88,"column":24},"end":{"line":107,"column":1}},"32":{"start":{"line":89,"column":18},"end":{"line":89,"column":52}},"33":{"start":{"line":91,"column":18},"end":{"line":95,"column":15}},"34":{"start":{"line":97,"column":4},"end":{"line":106,"column":6}},"35":{"start":{"line":98,"column":31},"end":{"line":105,"column":9}},"36":{"start":{"line":110,"column":32},"end":{"line":121,"column":1}},"37":{"start":{"line":111,"column":18},"end":{"line":111,"column":70}},"38":{"start":{"line":114,"column":19},"end":{"line":114,"column":73}},"39":{"start":{"line":116,"column":4},"end":{"line":118,"column":5}},"40":{"start":{"line":117,"column":8},"end":{"line":117,"column":74}},"41":{"start":{"line":120,"column":4},"end":{"line":120,"column":36}},"42":{"start":{"line":124,"column":31},"end":{"line":153,"column":1}},"43":{"start":{"line":125,"column":20},"end":{"line":125,"column":49}},"44":{"start":{"line":126,"column":4},"end":{"line":126,"column":31}},"45":{"start":{"line":128,"column":4},"end":{"line":152,"column":5}},"46":{"start":{"line":129,"column":20},"end":{"line":129,"column":64}},"47":{"start":{"line":130,"column":22},"end":{"line":130,"column":88}},"48":{"start":{"line":132,"column":30},"end":{"line":132,"column":69}},"49":{"start":{"line":133,"column":8},"end":{"line":133,"column":119}},"50":{"start":{"line":133,"column":40},"end":{"line":133,"column":119}},"51":{"start":{"line":135,"column":26},"end":{"line":135,"column":55}},"52":{"start":{"line":135,"column":49},"end":{"line":135,"column":54}},"53":{"start":{"line":138,"column":8},"end":{"line":141,"column":9}},"54":{"start":{"line":139,"column":27},"end":{"line":139,"column":52}},"55":{"start":{"line":140,"column":12},"end":{"line":140,"column":89}},"56":{"start":{"line":140,"column":24},"end":{"line":140,"column":89}},"57":{"start":{"line":143,"column":8},"end":{"line":143,"column":72}},"58":{"start":{"line":145,"column":8},"end":{"line":145,"column":42}},"59":{"start":{"line":146,"column":8},"end":{"line":146,"column":68}},"60":{"start":{"line":148,"column":8},"end":{"line":148,"column":41}},"61":{"start":{"line":149,"column":8},"end":{"line":149,"column":20}},"62":{"start":{"line":151,"column":8},"end":{"line":151,"column":29}}},"fnMap":{"0":{"name":"(anonymous_0)","decl":{"start":{"line":8,"column":25},"end":{"line":8,"column":26}},"loc":{"start":{"line":8,"column":52},"end":{"line":22,"column":1}},"line":8},"1":{"name":"(anonymous_1)","decl":{"start":{"line":25,"column":26},"end":{"line":25,"column":27}},"loc":{"start":{"line":25,"column":55},"end":{"line":85,"column":1}},"line":25},"2":{"name":"(anonymous_2)","decl":{"start":{"line":67,"column":57},"end":{"line":67,"column":58}},"loc":{"start":{"line":67,"column":64},"end":{"line":67,"column":98}},"line":67},"3":{"name":"(anonymous_3)","decl":{"start":{"line":88,"column":24},"end":{"line":88,"column":25}},"loc":{"start":{"line":88,"column":57},"end":{"line":107,"column":1}},"line":88},"4":{"name":"(anonymous_4)","decl":{"start":{"line":98,"column":25},"end":{"line":98,"column":26}},"loc":{"start":{"line":98,"column":31},"end":{"line":105,"column":9}},"line":98},"5":{"name":"(anonymous_5)","decl":{"start":{"line":110,"column":32},"end":{"line":110,"column":33}},"loc":{"start":{"line":110,"column":72},"end":{"line":121,"column":1}},"line":110},"6":{"name":"(anonymous_6)","decl":{"start":{"line":124,"column":31},"end":{"line":124,"column":32}},"loc":{"start":{"line":124,"column":59},"end":{"line":153,"column":1}},"line":124},"7":{"name":"(anonymous_7)","decl":{"start":{"line":135,"column":44},"end":{"line":135,"column":45}},"loc":{"start":{"line":135,"column":49},"end":{"line":135,"column":54}},"line":135}},"branchMap":{"0":{"loc":{"start":{"line":8,"column":35},"end":{"line":8,"column":47}},"type":"default-arg","locations":[{"start":{"line":8,"column":45},"end":{"line":8,"column":47}}],"line":8},"1":{"loc":{"start":{"line":12,"column":20},"end":{"line":12,"column":39}},"type":"binary-expr","locations":[{"start":{"line":12,"column":20},"end":{"line":12,"column":30}},{"start":{"line":12,"column":34},"end":{"line":12,"column":39}}],"line":12},"2":{"loc":{"start":{"line":17,"column":4},"end":{"line":19,"column":5}},"type":"if","locations":[{"start":{"line":17,"column":4},"end":{"line":19,"column":5}},{"start":{},"end":{}}],"line":17},"3":{"loc":{"start":{"line":33,"column":8},"end":{"line":33,"column":66}},"type":"if","locations":[{"start":{"line":33,"column":8},"end":{"line":33,"column":66}},{"start":{},"end":{}}],"line":33},"4":{"loc":{"start":{"line":40,"column":8},"end":{"line":40,"column":77}},"type":"if","locations":[{"start":{"line":40,"column":8},"end":{"line":40,"column":77}},{"start":{},"end":{}}],"line":40},"5":{"loc":{"start":{"line":55,"column":8},"end":{"line":61,"column":9}},"type":"if","locations":[{"start":{"line":55,"column":8},"end":{"line":61,"column":9}},{"start":{},"end":{}}],"line":55},"6":{"loc":{"start":{"line":88,"column":40},"end":{"line":88,"column":52}},"type":"default-arg","locations":[{"start":{"line":88,"column":50},"end":{"line":88,"column":52}}],"line":88},"7":{"loc":{"start":{"line":116,"column":4},"end":{"line":118,"column":5}},"type":"if","locations":[{"start":{"line":116,"column":4},"end":{"line":118,"column":5}},{"start":{},"end":{}}],"line":116},"8":{"loc":{"start":{"line":129,"column":20},"end":{"line":129,"column":64}},"type":"cond-expr","locations":[{"start":{"line":129,"column":45},"end":{"line":129,"column":52}},{"start":{"line":129,"column":55},"end":{"line":129,"column":64}}],"line":129},"9":{"loc":{"start":{"line":133,"column":8},"end":{"line":133,"column":119}},"type":"if","locations":[{"start":{"line":133,"column":8},"end":{"line":133,"column":119}},{"start":{},"end":{}}],"line":133},"10":{"loc":{"start":{"line":140,"column":12},"end":{"line":140,"column":89}},"type":"if","locations":[{"start":{"line":140,"column":12},"end":{"line":140,"column":89}},{"start":{},"end":{}}],"line":140}},"s":{"0":1,"1":0,"2":0,"3":0,"4":0,"5":0,"6":0,"7":1,"8":0,"9":0,"10":0,"11":0,"12":0,"13":0,"14":0,"15":0,"16":0,"17":0,"18":0,"19":0,"20":0,"21":0,"22":0,"23":0,"24":0,"25":0,"26":0,"27":0,"28":0,"29":0,"30":0,"31":1,"32":0,"33":0,"34":0,"35":0,"36":1,"37":0,"38":0,"39":0,"40":0,"41":0,"42":1,"43":0,"44":0,"45":0,"46":0,"47":0,"48":0,"49":0,"50":0,"51":0,"52":0,"53":0,"54":0,"55":0,"56":0,"57":0,"58":0,"59":0,"60":0,"61":0,"62":0},"f":{"0":0,"1":0,"2":0,"3":0,"4":0,"5":0,"6":0,"7":0},"b":{"0":[0],"1":[0,0],"2":[0,0],"3":[0,0],"4":[0,0],"5":[0,0],"6":[0],"7":[0,0],"8":[0,0],"9":[0,0],"10":[0,0]},"inputSourceMap":null,"_coverageSchema":"1a1c01bbd47fc00a2c39e90264f33305004495a9","hash":"ec1ee3688f97f24173c205d12cc385e757f2a794"}
,"C:\\Users\\Vrajesh Pandya\\Desktop\\School-Management-System\\backend\\src\\utils\\asyncHandler.js": {"path":"C:\\Users\\Vrajesh Pandya\\Desktop\\School-Management-System\\backend\\src\\utils\\asyncHandler.js","statementMap":{"0":{"start":{"line":10,"column":21},"end":{"line":15,"column":1}},"1":{"start":{"line":10,"column":29},"end":{"line":15,"column":1}},"2":{"start":{"line":14,"column":4},"end":{"line":14,"column":52}}},"fnMap":{"0":{"name":"(anonymous_0)","decl":{"start":{"line":10,"column":21},"end":{"line":10,"column":22}},"loc":{"start":{"line":10,"column":29},"end":{"line":15,"column":1}},"line":10},"1":{"name":"(anonymous_1)","decl":{"start":{"line":10,"column":29},"end":{"line":10,"column":30}},"loc":{"start":{"line":10,"column":49},"end":{"line":15,"column":1}},"line":10}},"branchMap":{},"s":{"0":1,"1":29,"2":6},"f":{"0":29,"1":6},"b":{},"inputSourceMap":null,"_coverageSchema":"1a1c01bbd47fc00a2c39e90264f33305004495a9","hash":"287b20ecf1ca98bdaa4d76ca559352435c55544b"}
,"C:\\Users\\Vrajesh Pandya\\Desktop\\School-Management-System\\backend\\src\\utils\\customError.js": {"path":"C:\\Users\\Vrajesh Pandya\\Desktop\\School-Management-System\\backend\\src\\utils\\customError.js","statementMap":{"0":{"start":{"line":3,"column":8},"end":{"line":3,"column":23}},"1":{"start":{"line":4,"column":8},"end":{"line":4,"column":37}},"2":{"start":{"line":5,"column":8},"end":{"line":5,"column":25}},"3":{"start":{"line":6,"column":8},"end":{"line":6,"column":25}}},"fnMap":{"0":{"name":"(anonymous_0)","decl":{"start":{"line":2,"column":4},"end":{"line":2,"column":5}},"loc":{"start":{"line":2,"column":49},"end":{"line":7,"column":5}},"line":2}},"branchMap":{},"s":{"0":0,"1":0,"2":0,"3":0},"f":{"0":0},"b":{},"inputSourceMap":null,"_coverageSchema":"1a1c01bbd47fc00a2c39e90264f33305004495a9","hash":"8b0a171b92be18b924be7c0aec7fb381cd458415"}
,"C:\\Users\\Vrajesh Pandya\\Desktop\\School-Management-System\\backend\\src\\utils\\email.util.js": {"path":"C:\\Users\\Vrajesh Pandya\\Desktop\\School-Management-System\\backend\\src\\utils\\email.util.js","statementMap":{"0":{"start":{"line":8,"column":18},"end":{"line":8,"column":62}},"1":{"start":{"line":9,"column":23},"end":{"line":9,"column":32}},"2":{"start":{"line":11,"column":18},"end":{"line":16,"column":2}},"3":{"start":{"line":19,"column":20},"end":{"line":26,"column":1}},"4":{"start":{"line":20,"column":4},"end":{"line":20,"column":82}},"5":{"start":{"line":20,"column":42},"end":{"line":20,"column":82}},"6":{"start":{"line":22,"column":25},"end":{"line":22,"column":75}},"7":{"start":{"line":23,"column":20},"end":{"line":23,"column":60}},"8":{"start":{"line":24,"column":4},"end":{"line":24,"column":46}},"9":{"start":{"line":25,"column":4},"end":{"line":25,"column":19}},"10":{"start":{"line":29,"column":22},"end":{"line":31,"column":1}},"11":{"start":{"line":30,"column":4},"end":{"line":30,"column":71}},"12":{"start":{"line":30,"column":54},"end":{"line":30,"column":69}},"13":{"start":{"line":34,"column":36},"end":{"line":68,"column":1}},"14":{"start":{"line":35,"column":4},"end":{"line":67,"column":5}},"15":{"start":{"line":36,"column":8},"end":{"line":39,"column":9}},"16":{"start":{"line":37,"column":12},"end":{"line":37,"column":63}},"17":{"start":{"line":38,"column":12},"end":{"line":38,"column":38}},"18":{"start":{"line":41,"column":28},"end":{"line":41,"column":64}},"19":{"start":{"line":42,"column":30},"end":{"line":42,"column":56}},"20":{"start":{"line":44,"column":24},"end":{"line":44,"column":70}},"21":{"start":{"line":45,"column":28},"end":{"line":51,"column":10}},"22":{"start":{"line":53,"column":28},"end":{"line":59,"column":9}},"23":{"start":{"line":61,"column":21},"end":{"line":61,"column":60}},"24":{"start":{"line":62,"column":8},"end":{"line":62,"column":62}},"25":{"start":{"line":63,"column":8},"end":{"line":63,"column":33}},"26":{"start":{"line":65,"column":8},"end":{"line":65,"column":56}},"27":{"start":{"line":66,"column":8},"end":{"line":66,"column":56}}},"fnMap":{"0":{"name":"(anonymous_0)","decl":{"start":{"line":19,"column":20},"end":{"line":19,"column":21}},"loc":{"start":{"line":19,"column":44},"end":{"line":26,"column":1}},"line":19},"1":{"name":"(anonymous_1)","decl":{"start":{"line":29,"column":22},"end":{"line":29,"column":23}},"loc":{"start":{"line":29,"column":38},"end":{"line":31,"column":1}},"line":29},"2":{"name":"(anonymous_2)","decl":{"start":{"line":30,"column":38},"end":{"line":30,"column":39}},"loc":{"start":{"line":30,"column":54},"end":{"line":30,"column":69}},"line":30},"3":{"name":"(anonymous_3)","decl":{"start":{"line":34,"column":36},"end":{"line":34,"column":37}},"loc":{"start":{"line":34,"column":88},"end":{"line":68,"column":1}},"line":34}},"branchMap":{"0":{"loc":{"start":{"line":12,"column":10},"end":{"line":12,"column":44}},"type":"binary-expr","locations":[{"start":{"line":12,"column":10},"end":{"line":12,"column":24}},{"start":{"line":12,"column":28},"end":{"line":12,"column":44}}],"line":12},"1":{"loc":{"start":{"line":13,"column":10},"end":{"line":13,"column":41}},"type":"binary-expr","locations":[{"start":{"line":13,"column":10},"end":{"line":13,"column":34}},{"start":{"line":13,"column":38},"end":{"line":13,"column":41}}],"line":13},"2":{"loc":{"start":{"line":20,"column":4},"end":{"line":20,"column":82}},"type":"if","locations":[{"start":{"line":20,"column":4},"end":{"line":20,"column":82}},{"start":{},"end":{}}],"line":20},"3":{"loc":{"start":{"line":30,"column":54},"end":{"line":30,"column":69}},"type":"binary-expr","locations":[{"start":{"line":30,"column":54},"end":{"line":30,"column":63}},{"start":{"line":30,"column":67},"end":{"line":30,"column":69}}],"line":30},"4":{"loc":{"start":{"line":36,"column":8},"end":{"line":39,"column":9}},"type":"if","locations":[{"start":{"line":36,"column":8},"end":{"line":39,"column":9}},{"start":{},"end":{}}],"line":36},"5":{"loc":{"start":{"line":42,"column":30},"end":{"line":42,"column":56}},"type":"binary-expr","locations":[{"start":{"line":42,"column":30},"end":{"line":42,"column":40}},{"start":{"line":42,"column":44},"end":{"line":42,"column":56}}],"line":42},"6":{"loc":{"start":{"line":54,"column":41},"end":{"line":54,"column":73}},"type":"binary-expr","locations":[{"start":{"line":54,"column":41},"end":{"line":54,"column":55}},{"start":{"line":54,"column":59},"end":{"line":54,"column":73}}],"line":54}},"s":{"0":1,"1":1,"2":1,"3":1,"4":0,"5":0,"6":0,"7":0,"8":0,"9":0,"10":1,"11":0,"12":0,"13":1,"14":0,"15":0,"16":0,"17":0,"18":0,"19":0,"20":0,"21":0,"22":0,"23":0,"24":0,"25":0,"26":0,"27":0},"f":{"0":0,"1":0,"2":0,"3":0},"b":{"0":[1,0],"1":[1,0],"2":[0,0],"3":[0,0],"4":[0,0],"5":[0,0],"6":[0,0]},"inputSourceMap":null,"_coverageSchema":"1a1c01bbd47fc00a2c39e90264f33305004495a9","hash":"7cab1d8b92f6c4c66b3dcf9487aaa3b74813a9c3"}
,"C:\\Users\\Vrajesh Pandya\\Desktop\\School-Management-System\\backend\\src\\validations\\auth.validation.js": {"path":"C:\\Users\\Vrajesh Pandya\\Desktop\\School-Management-System\\backend\\src\\validations\\auth.validation.js","statementMap":{"0":{"start":{"line":3,"column":27},"end":{"line":8,"column":2}}},"fnMap":{},"branchMap":{},"s":{"0":1},"f":{},"b":{},"inputSourceMap":null,"_coverageSchema":"1a1c01bbd47fc00a2c39e90264f33305004495a9","hash":"058e31bd36d26f5acfd521ad5a21670350a9169f"}
,"C:\\Users\\Vrajesh Pandya\\Desktop\\School-Management-System\\backend\\src\\validations\\nfc.validation.js": {"path":"C:\\Users\\Vrajesh Pandya\\Desktop\\School-Management-System\\backend\\src\\validations\\nfc.validation.js","statementMap":{"0":{"start":{"line":3,"column":29},"end":{"line":8,"column":2}},"1":{"start":{"line":10,"column":36},"end":{"line":20,"column":2}},"2":{"start":{"line":17,"column":18},"end":{"line":17,"column":57}}},"fnMap":{"0":{"name":"(anonymous_0)","decl":{"start":{"line":17,"column":10},"end":{"line":17,"column":11}},"loc":{"start":{"line":17,"column":18},"end":{"line":17,"column":57}},"line":17}},"branchMap":{"0":{"loc":{"start":{"line":17,"column":18},"end":{"line":17,"column":57}},"type":"binary-expr","locations":[{"start":{"line":17,"column":18},"end":{"line":17,"column":35}},{"start":{"line":17,"column":39},"end":{"line":17,"column":57}}],"line":17}},"s":{"0":1,"1":1,"2":0},"f":{"0":0},"b":{"0":[0,0]},"inputSourceMap":null,"_coverageSchema":"1a1c01bbd47fc00a2c39e90264f33305004495a9","hash":"910e424754691ee0adb1f89e592f7aa652db6369"}
,"C:\\Users\\Vrajesh Pandya\\Desktop\\School-Management-System\\backend\\src\\validations\\school.validation.js": {"path":"C:\\Users\\Vrajesh Pandya\\Desktop\\School-Management-System\\backend\\src\\validations\\school.validation.js","statementMap":{"0":{"start":{"line":5,"column":23},"end":{"line":5,"column":80}},"1":{"start":{"line":7,"column":34},"end":{"line":15,"column":2}},"2":{"start":{"line":17,"column":34},"end":{"line":24,"column":2}},"3":{"start":{"line":26,"column":36},"end":{"line":30,"column":2}},"4":{"start":{"line":32,"column":32},"end":{"line":36,"column":2}},"5":{"start":{"line":38,"column":33},"end":{"line":46,"column":2}},"6":{"start":{"line":48,"column":36},"end":{"line":62,"column":2}},"7":{"start":{"line":64,"column":35},"end":{"line":72,"column":2}}},"fnMap":{},"branchMap":{},"s":{"0":1,"1":1,"2":1,"3":1,"4":1,"5":1,"6":1,"7":1},"f":{},"b":{},"inputSourceMap":null,"_coverageSchema":"1a1c01bbd47fc00a2c39e90264f33305004495a9","hash":"f69e795ac17c10dd520f9b4c1827299b4ef388e0"}
,"C:\\Users\\Vrajesh Pandya\\Desktop\\School-Management-System\\backend\\src\\validations\\timetable.validation.js": {"path":"C:\\Users\\Vrajesh Pandya\\Desktop\\School-Management-System\\backend\\src\\validations\\timetable.validation.js","statementMap":{"0":{"start":{"line":4,"column":23},"end":{"line":4,"column":80}},"1":{"start":{"line":10,"column":36},"end":{"line":18,"column":2}},"2":{"start":{"line":20,"column":36},"end":{"line":32,"column":2}},"3":{"start":{"line":34,"column":38},"end":{"line":38,"column":2}},"4":{"start":{"line":44,"column":37},"end":{"line":50,"column":2}},"5":{"start":{"line":52,"column":39},"end":{"line":56,"column":2}},"6":{"start":{"line":58,"column":43},"end":{"line":65,"column":2}},"7":{"start":{"line":72,"column":25},"end":{"line":79,"column":2}},"8":{"start":{"line":82,"column":25},"end":{"line":89,"column":2}},"9":{"start":{"line":92,"column":33},"end":{"line":104,"column":2}},"10":{"start":{"line":106,"column":39},"end":{"line":120,"column":2}},"11":{"start":{"line":122,"column":33},"end":{"line":134,"column":2}},"12":{"start":{"line":136,"column":35},"end":{"line":140,"column":2}},"13":{"start":{"line":146,"column":43},"end":{"line":153,"column":2}},"14":{"start":{"line":151,"column":84},"end":{"line":151,"column":113}}},"fnMap":{"0":{"name":"(anonymous_0)","decl":{"start":{"line":151,"column":77},"end":{"line":151,"column":78}},"loc":{"start":{"line":151,"column":84},"end":{"line":151,"column":113}},"line":151}},"branchMap":{"0":{"loc":{"start":{"line":151,"column":84},"end":{"line":151,"column":113}},"type":"cond-expr","locations":[{"start":{"line":151,"column":90},"end":{"line":151,"column":101}},{"start":{"line":151,"column":104},"end":{"line":151,"column":113}}],"line":151}},"s":{"0":1,"1":1,"2":1,"3":1,"4":1,"5":1,"6":1,"7":1,"8":1,"9":1,"10":1,"11":1,"12":1,"13":1,"14":0},"f":{"0":0},"b":{"0":[0,0]},"inputSourceMap":null,"_coverageSchema":"1a1c01bbd47fc00a2c39e90264f33305004495a9","hash":"0b674106023e6e8bef4378bcc3142d1e764ba400"}
,"C:\\Users\\Vrajesh Pandya\\Desktop\\School-Management-System\\backend\\src\\validations\\user.validation.js": {"path":"C:\\Users\\Vrajesh Pandya\\Desktop\\School-Management-System\\backend\\src\\validations\\user.validation.js","statementMap":{"0":{"start":{"line":4,"column":23},"end":{"line":4,"column":80}},"1":{"start":{"line":6,"column":32},"end":{"line":15,"column":2}},"2":{"start":{"line":17,"column":30},"end":{"line":24,"column":2}},"3":{"start":{"line":21,"column":89},"end":{"line":21,"column":100}},"4":{"start":{"line":22,"column":94},"end":{"line":22,"column":105}},"5":{"start":{"line":26,"column":34},"end":{"line":30,"column":2}},"6":{"start":{"line":32,"column":33},"end":{"line":36,"column":2}}},"fnMap":{"0":{"name":"(anonymous_0)","decl":{"start":{"line":21,"column":82},"end":{"line":21,"column":83}},"loc":{"start":{"line":21,"column":89},"end":{"line":21,"column":100}},"line":21},"1":{"name":"(anonymous_1)","decl":{"start":{"line":22,"column":87},"end":{"line":22,"column":88}},"loc":{"start":{"line":22,"column":94},"end":{"line":22,"column":105}},"line":22}},"branchMap":{},"s":{"0":1,"1":1,"2":1,"3":0,"4":0,"5":1,"6":1},"f":{"0":0,"1":0},"b":{},"inputSourceMap":null,"_coverageSchema":"1a1c01bbd47fc00a2c39e90264f33305004495a9","hash":"9bf9e2abb1ca408ec8da870d1046bb34a3c98a6b"}
}
