TN:
SF:src\app.js
FN:38,(anonymous_0)
FNF:1
FNH:0
FNDA:0,(anonymous_0)
DA:10,1
DA:11,1
DA:13,1
DA:16,1
DA:26,1
DA:27,1
DA:28,1
DA:31,1
DA:32,1
DA:35,1
DA:38,1
DA:39,0
DA:43,1
LF:13
LH:12
BRF:0
BRH:0
end_of_record
TN:
SF:src\socket.js
FN:6,(anonymous_0)
FN:9,(anonymous_1)
FN:12,(anonymous_2)
FN:19,(anonymous_3)
FN:27,(anonymous_4)
FNF:5
FNH:0
FNDA:0,(anonymous_0)
FNDA:0,(anonymous_1)
FNDA:0,(anonymous_2)
FNDA:0,(anonymous_3)
FNDA:0,(anonymous_4)
DA:6,1
DA:7,0
DA:9,0
DA:10,0
DA:12,0
DA:13,0
DA:14,0
DA:15,0
DA:19,0
DA:20,0
DA:24,0
DA:27,1
DA:28,0
DA:29,0
DA:31,0
LF:15
LH:2
BRDA:13,0,0,0
BRDA:13,0,1,0
BRDA:28,1,0,0
BRDA:28,1,1,0
BRF:4
BRH:0
end_of_record
TN:
SF:src\config\index.js
FNF:0
FNH:0
DA:2,1
DA:4,1
LF:2
LH:2
BRDA:5,0,0,1
BRDA:5,0,1,0
BRDA:13,1,0,1
BRDA:13,1,1,0
BRDA:14,2,0,1
BRDA:14,2,1,0
BRF:6
BRH:3
end_of_record
TN:
SF:src\config\logger.js
FNF:0
FNH:0
DA:5,1
DA:8,1
DA:25,1
LF:3
LH:3
BRDA:9,0,0,1
BRDA:9,0,1,1
BRDA:9,1,0,0
BRDA:9,1,1,1
BRDA:10,2,0,0
BRDA:10,2,1,1
BRF:6
BRH:4
end_of_record
TN:
SF:src\config\profiles.js
FN:8,(anonymous_0)
FN:20,(anonymous_1)
FN:29,(anonymous_2)
FNF:3
FNH:0
FNDA:0,(anonymous_0)
FNDA:0,(anonymous_1)
FNDA:0,(anonymous_2)
DA:5,1
DA:8,0
DA:20,0
DA:29,0
LF:4
LH:1
BRDA:12,0,0,0
BRDA:12,0,1,0
BRF:2
BRH:0
end_of_record
TN:
SF:src\constants\featureFlags.js
FN:39,(anonymous_0)
FN:45,(anonymous_1)
FN:48,(anonymous_2)
FN:49,(anonymous_3)
FN:52,(anonymous_4)
FNF:5
FNH:1
FNDA:6,(anonymous_0)
FNDA:0,(anonymous_1)
FNDA:0,(anonymous_2)
FNDA:0,(anonymous_3)
FNDA:0,(anonymous_4)
DA:4,1
DA:38,1
DA:39,6
DA:45,1
DA:48,1
DA:49,0
DA:52,1
LF:7
LH:6
BRF:0
BRH:0
end_of_record
TN:
SF:src\constants\userRoles.js
FN:20,(anonymous_0)
FN:26,(anonymous_1)
FN:32,(anonymous_2)
FNF:3
FNH:0
FNDA:0,(anonymous_0)
FNDA:0,(anonymous_1)
FNDA:0,(anonymous_2)
DA:1,1
DA:8,1
DA:12,1
DA:20,1
DA:21,0
DA:22,0
DA:26,1
DA:27,0
DA:32,1
DA:33,0
DA:39,0
LF:11
LH:6
BRDA:21,0,0,0
BRDA:21,0,1,0
BRDA:27,1,0,0
BRDA:27,1,1,0
BRF:4
BRH:0
end_of_record
TN:
SF:src\controllers\attendence.controller.js
FN:6,(anonymous_0)
FN:21,(anonymous_1)
FNF:2
FNH:0
FNDA:0,(anonymous_0)
FNDA:0,(anonymous_1)
DA:6,1
DA:7,0
DA:10,0
DA:12,0
DA:17,0
DA:21,1
DA:22,0
DA:25,0
DA:27,0
DA:32,0
LF:10
LH:2
BRDA:22,0,0,0
BRDA:22,0,1,0
BRF:2
BRH:0
end_of_record
TN:
SF:src\controllers\auth.controller.js
FN:6,(anonymous_0)
FN:20,(anonymous_1)
FN:30,(anonymous_2)
FNF:3
FNH:2
FNDA:1,(anonymous_0)
FNDA:0,(anonymous_1)
FNDA:1,(anonymous_2)
DA:6,1
DA:7,1
DA:10,1
DA:12,1
DA:20,1
DA:21,0
DA:22,0
DA:26,0
DA:30,1
DA:31,1
LF:10
LH:7
BRF:0
BRH:0
end_of_record
TN:
SF:src\controllers\school.controller.js
FN:6,(anonymous_0)
FN:17,(anonymous_1)
FN:29,(anonymous_2)
FN:39,(anonymous_3)
FN:48,(anonymous_4)
FN:64,(anonymous_5)
FN:73,(anonymous_6)
FNF:7
FNH:2
FNDA:0,(anonymous_0)
FNDA:1,(anonymous_1)
FNDA:1,(anonymous_2)
FNDA:0,(anonymous_3)
FNDA:0,(anonymous_4)
FNDA:0,(anonymous_5)
FNDA:0,(anonymous_6)
DA:6,1
DA:7,0
DA:8,0
DA:13,0
DA:17,1
DA:18,1
DA:19,1
DA:20,1
DA:25,1
DA:29,1
DA:30,1
DA:31,1
DA:32,1
DA:39,1
DA:40,0
DA:41,0
DA:48,1
DA:49,0
DA:53,0
DA:54,0
DA:55,0
DA:60,0
DA:64,1
DA:65,0
DA:66,0
DA:73,1
DA:74,0
DA:75,0
DA:80,0
LF:29
LH:14
BRDA:18,0,0,1
BRDA:18,0,1,0
BRDA:18,0,2,0
BRDA:30,1,0,1
BRDA:30,1,1,0
BRDA:30,1,2,0
BRDA:49,2,0,0
BRDA:49,2,1,0
BRDA:74,3,0,0
BRDA:74,3,1,0
BRF:10
BRH:2
end_of_record
TN:
SF:src\controllers\timetable.controller.js
FN:7,(anonymous_0)
FN:18,(anonymous_1)
FN:27,(anonymous_2)
FN:37,(anonymous_3)
FN:47,(anonymous_4)
FN:58,(anonymous_5)
FN:67,(anonymous_6)
FN:76,(anonymous_7)
FN:86,(anonymous_8)
FN:99,(anonymous_9)
FN:111,(anonymous_10)
FN:121,(anonymous_11)
FN:131,(anonymous_12)
FN:149,(anonymous_13)
FNF:14
FNH:3
FNDA:1,(anonymous_0)
FNDA:0,(anonymous_1)
FNDA:0,(anonymous_2)
FNDA:0,(anonymous_3)
FNDA:1,(anonymous_4)
FNDA:0,(anonymous_5)
FNDA:0,(anonymous_6)
FNDA:0,(anonymous_7)
FNDA:1,(anonymous_8)
FNDA:0,(anonymous_9)
FNDA:0,(anonymous_10)
FNDA:0,(anonymous_11)
FNDA:0,(anonymous_12)
FNDA:0,(anonymous_13)
DA:7,1
DA:8,1
DA:9,1
DA:14,1
DA:18,1
DA:19,0
DA:20,0
DA:27,1
DA:28,0
DA:29,0
DA:37,1
DA:38,0
DA:39,0
DA:47,1
DA:48,1
DA:49,1
DA:54,1
DA:58,1
DA:59,0
DA:60,0
DA:67,1
DA:68,0
DA:69,0
DA:76,1
DA:77,0
DA:78,0
DA:86,1
DA:87,1
DA:91,1
DA:99,1
DA:101,0
DA:102,0
DA:103,0
DA:111,1
DA:112,0
DA:113,0
DA:121,1
DA:122,0
DA:123,0
DA:131,1
DA:132,0
DA:134,0
DA:135,0
DA:141,0
DA:142,0
DA:149,1
DA:152,0
DA:153,0
DA:154,0
LF:49
LH:22
BRDA:134,0,0,0
BRDA:134,0,1,0
BRDA:134,1,0,0
BRDA:134,1,1,0
BRF:4
BRH:0
end_of_record
TN:
SF:src\controllers\user.controller.js
FN:6,(anonymous_0)
FN:17,(anonymous_1)
FN:26,(anonymous_2)
FN:41,(anonymous_3)
FNF:4
FNH:0
FNDA:0,(anonymous_0)
FNDA:0,(anonymous_1)
FNDA:0,(anonymous_2)
FNDA:0,(anonymous_3)
DA:6,1
DA:7,0
DA:8,0
DA:13,0
DA:17,1
DA:18,0
DA:19,0
DA:26,1
DA:27,0
DA:28,0
DA:29,0
DA:31,0
DA:32,0
DA:37,0
DA:41,1
DA:42,0
DA:43,0
DA:44,0
DA:49,0
LF:19
LH:4
BRDA:28,0,0,0
BRDA:28,0,1,0
BRDA:29,1,0,0
BRDA:29,1,1,0
BRDA:34,2,0,0
BRDA:34,2,1,0
BRDA:42,3,0,0
BRDA:42,3,1,0
BRF:8
BRH:0
end_of_record
TN:
SF:src\middlewares\auth.middleware.js
FN:6,(anonymous_0)
FNF:1
FNH:1
FNDA:6,(anonymous_0)
DA:6,1
DA:7,6
DA:9,6
DA:11,6
DA:12,0
DA:15,6
DA:18,6
DA:22,6
DA:23,0
DA:24,0
DA:26,6
DA:28,6
DA:29,6
DA:33,0
DA:34,0
LF:15
LH:10
BRDA:11,0,0,0
BRDA:11,0,1,6
BRDA:22,1,0,0
BRDA:22,1,1,6
BRF:4
BRH:2
end_of_record
TN:
SF:src\middlewares\error.middleware.js
FN:8,(anonymous_0)
FN:36,(anonymous_1)
FN:58,(anonymous_2)
FNF:3
FNH:0
FNDA:0,(anonymous_0)
FNDA:0,(anonymous_1)
FNDA:0,(anonymous_2)
DA:8,1
DA:10,0
DA:11,0
DA:12,0
DA:13,0
DA:16,0
DA:17,0
DA:18,0
DA:19,0
DA:20,0
DA:24,0
DA:25,0
DA:26,0
DA:27,0
DA:31,0
DA:32,0
DA:33,0
DA:34,0
DA:36,0
DA:40,0
DA:41,0
DA:42,0
DA:43,0
DA:47,0
DA:48,0
DA:49,0
DA:50,0
DA:54,0
DA:55,0
DA:56,0
DA:57,0
DA:58,0
DA:65,0
DA:68,0
DA:71,0
DA:75,0
DA:83,0
LF:37
LH:1
BRDA:10,0,0,0
BRDA:10,0,1,0
BRDA:11,1,0,0
BRDA:11,1,1,0
BRDA:12,2,0,0
BRDA:12,2,1,0
BRDA:13,3,0,0
BRDA:13,3,1,0
BRDA:16,4,0,0
BRDA:16,4,1,0
BRDA:24,5,0,0
BRDA:24,5,1,0
BRDA:31,6,0,0
BRDA:31,6,1,0
BRDA:40,7,0,0
BRDA:40,7,1,0
BRDA:47,8,0,0
BRDA:47,8,1,0
BRDA:54,9,0,0
BRDA:54,9,1,0
BRDA:65,10,0,0
BRDA:65,10,1,0
BRDA:79,11,0,0
BRDA:79,11,1,0
BRDA:80,12,0,0
BRDA:80,12,1,0
BRF:26
BRH:0
end_of_record
TN:
SF:src\middlewares\feature.middleware.js
FN:6,(anonymous_0)
FN:7,(anonymous_1)
FNF:2
FNH:2
FNDA:3,(anonymous_0)
FNDA:3,(anonymous_1)
DA:6,1
DA:7,3
DA:8,3
DA:10,3
DA:11,3
DA:12,0
DA:15,3
DA:18,3
DA:19,0
DA:20,0
DA:24,3
DA:26,3
DA:27,0
DA:28,0
DA:34,3
DA:37,0
LF:16
LH:10
BRDA:11,0,0,0
BRDA:11,0,1,3
BRDA:15,1,0,3
BRDA:15,1,1,3
BRDA:18,2,0,0
BRDA:18,2,1,3
BRDA:26,3,0,0
BRDA:26,3,1,3
BRF:8
BRH:5
end_of_record
TN:
SF:src\middlewares\role.middleware.js
FN:5,(anonymous_0)
FN:6,(anonymous_1)
FNF:2
FNH:2
FNDA:18,(anonymous_0)
FNDA:4,(anonymous_1)
DA:5,1
DA:6,18
DA:9,4
DA:10,0
DA:11,0
DA:16,4
DA:17,0
DA:18,0
DA:21,4
LF:9
LH:5
BRDA:9,0,0,0
BRDA:9,0,1,4
BRDA:16,1,0,0
BRDA:16,1,1,4
BRF:4
BRH:2
end_of_record
TN:
SF:src\middlewares\school.middleware.js
FN:5,(anonymous_0)
FNF:1
FNH:1
FNDA:5,(anonymous_0)
DA:5,1
DA:6,5
DA:8,5
DA:9,0
DA:13,5
DA:16,5
DA:17,0
DA:18,0
DA:22,5
DA:23,5
DA:26,5
DA:28,0
LF:12
LH:8
BRDA:8,0,0,0
BRDA:8,0,1,5
BRDA:13,1,0,5
BRDA:13,1,1,5
BRDA:16,2,0,0
BRDA:16,2,1,5
BRDA:16,3,0,5
BRDA:16,3,1,0
BRDA:22,4,0,5
BRDA:22,4,1,0
BRF:10
BRH:6
end_of_record
TN:
SF:src\middlewares\upload.middleware.js
FN:20,(anonymous_0)
FN:21,(anonymous_1)
FN:32,(anonymous_2)
FN:48,(anonymous_3)
FNF:4
FNH:0
FNDA:0,(anonymous_0)
FNDA:0,(anonymous_1)
FNDA:0,(anonymous_2)
FNDA:0,(anonymous_3)
DA:7,1
DA:8,1
DA:11,1
DA:14,1
DA:15,0
DA:19,1
DA:20,0
DA:23,0
DA:24,0
DA:25,0
DA:27,0
DA:32,1
DA:33,0
DA:34,0
DA:35,0
DA:37,0
DA:41,1
DA:48,1
DA:49,0
DA:50,0
DA:52,0
DA:55,0
DA:56,0
DA:58,0
DA:59,0
DA:62,0
DA:63,0
DA:65,0
LF:28
LH:8
BRDA:14,0,0,0
BRDA:14,0,1,1
BRDA:23,1,0,0
BRDA:23,1,1,0
BRDA:23,1,2,0
BRDA:34,2,0,0
BRDA:34,2,1,0
BRDA:50,3,0,0
BRDA:50,3,1,0
BRDA:62,4,0,0
BRDA:62,4,1,0
BRF:11
BRH:1
end_of_record
TN:
SF:src\middlewares\validation.middleware.js
FN:6,(anonymous_0)
FN:6,(anonymous_1)
FN:19,(anonymous_2)
FN:24,(anonymous_3)
FNF:4
FNH:2
FNDA:20,(anonymous_0)
FNDA:5,(anonymous_1)
FNDA:0,(anonymous_2)
FNDA:0,(anonymous_3)
DA:6,20
DA:7,5
DA:9,5
DA:14,5
DA:17,0
DA:18,0
DA:19,0
DA:24,0
DA:26,0
DA:33,0
LF:10
LH:4
BRDA:17,0,0,0
BRDA:17,0,1,0
BRDA:18,1,0,0
BRDA:18,1,1,0
BRDA:18,1,2,0
BRF:5
BRH:0
end_of_record
TN:
SF:src\models\AdminProfile.model.js
FNF:0
FNH:0
DA:3,1
LF:1
LH:1
BRF:0
BRH:0
end_of_record
TN:
SF:src\models\Attendance.model.js
FNF:0
FNH:0
DA:3,1
DA:39,1
LF:2
LH:2
BRF:0
BRH:0
end_of_record
TN:
SF:src\models\School.model.js
FNF:0
FNH:0
DA:3,1
DA:68,1
DA:77,1
DA:86,1
LF:4
LH:4
BRF:0
BRH:0
end_of_record
TN:
SF:src\models\StudentProfile.model.js
FNF:0
FNH:0
DA:3,1
DA:66,1
LF:2
LH:2
BRF:0
BRH:0
end_of_record
TN:
SF:src\models\TeacherProfile.model.js
FNF:0
FNH:0
DA:3,1
LF:1
LH:1
BRF:0
BRH:0
end_of_record
TN:
SF:src\models\Timetable.model.js
FNF:0
FNH:0
DA:4,1
DA:28,1
DA:31,1
DA:49,1
DA:52,1
DA:69,1
DA:75,1
DA:77,1
DA:115,1
DA:119,1
DA:122,1
DA:123,1
DA:124,1
DA:125,1
LF:14
LH:14
BRF:0
BRH:0
end_of_record
TN:
SF:src\models\User.model.js
FNF:0
FNH:0
DA:4,1
DA:93,1
DA:100,1
LF:3
LH:3
BRF:0
BRH:0
end_of_record
TN:
SF:src\routes\attendance.route.js
FN:28,(anonymous_0)
FNF:1
FNH:0
FNDA:0,(anonymous_0)
DA:8,1
DA:14,1
DA:25,1
DA:30,0
DA:31,0
DA:32,0
DA:35,0
LF:7
LH:3
BRDA:31,0,0,0
BRDA:31,0,1,0
BRF:2
BRH:0
end_of_record
TN:
SF:src\routes\auth.route.js
FNF:0
FNH:0
DA:7,1
DA:10,1
DA:13,1
LF:3
LH:3
BRF:0
BRH:0
end_of_record
TN:
SF:src\routes\index.route.js
FNF:0
FNH:0
DA:10,1
DA:12,1
DA:13,1
DA:14,1
DA:15,1
DA:16,1
DA:17,1
DA:18,1
LF:8
LH:8
BRF:0
BRH:0
end_of_record
TN:
SF:src\routes\schedule.route.js
FNF:0
FNH:0
DA:7,1
DA:9,1
DA:10,1
DA:11,1
DA:14,1
LF:5
LH:5
BRF:0
BRH:0
end_of_record
TN:
SF:src\routes\school.route.js
FNF:0
FNH:0
DA:20,1
DA:22,1
DA:23,1
DA:30,1
DA:33,1
DA:41,1
DA:50,1
LF:7
LH:7
BRF:0
BRH:0
end_of_record
TN:
SF:src\routes\timeslot.route.js
FNF:0
FNH:0
DA:20,1
DA:22,1
DA:23,1
DA:24,1
DA:27,1
DA:34,1
DA:42,1
DA:50,1
LF:8
LH:8
BRF:0
BRH:0
end_of_record
TN:
SF:src\routes\timetable.route.js
FNF:0
FNH:0
DA:27,1
DA:29,1
DA:30,1
DA:31,1
DA:36,1
DA:43,1
DA:51,1
DA:59,1
DA:67,1
DA:77,1
DA:87,1
DA:95,1
LF:12
LH:12
BRF:0
BRH:0
end_of_record
TN:
SF:src\routes\user.route.js
FNF:0
FNH:0
DA:18,1
DA:21,1
DA:24,1
DA:27,1
DA:35,1
DA:43,1
LF:6
LH:6
BRF:0
BRH:0
end_of_record
TN:
SF:src\services\attendence.service.js
FN:11,(anonymous_0)
FN:49,(anonymous_1)
FNF:2
FNH:0
FNDA:0,(anonymous_0)
FNDA:0,(anonymous_1)
DA:11,1
DA:12,0
DA:14,0
DA:17,0
DA:18,0
DA:19,0
DA:24,0
DA:30,0
DA:31,0
DA:34,0
DA:42,0
DA:43,0
DA:49,1
DA:50,0
DA:53,0
DA:60,0
DA:63,0
DA:64,0
DA:67,0
DA:72,0
DA:73,0
DA:80,0
DA:90,0
DA:91,0
DA:92,0
DA:99,0
DA:102,0
LF:27
LH:2
BRDA:12,0,0,0
BRDA:12,0,1,0
BRDA:12,1,0,0
BRDA:12,1,1,0
BRDA:18,2,0,0
BRDA:18,2,1,0
BRDA:18,3,0,0
BRDA:18,3,1,0
BRDA:30,4,0,0
BRDA:30,4,1,0
BRDA:50,5,0,0
BRDA:50,5,1,0
BRDA:60,6,0,0
BRDA:60,6,1,0
BRDA:72,7,0,0
BRDA:72,7,1,0
BRF:16
BRH:0
end_of_record
TN:
SF:src\services\auth.service.js
FN:9,(anonymous_0)
FN:52,(anonymous_1)
FNF:2
FNH:1
FNDA:1,(anonymous_0)
FNDA:0,(anonymous_1)
DA:9,1
DA:10,1
DA:13,1
DA:15,1
DA:18,1
DA:21,1
DA:24,1
DA:25,1
DA:28,1
DA:31,1
DA:39,1
DA:48,1
DA:52,1
DA:53,0
LF:14
LH:13
BRDA:10,0,0,0
BRDA:10,0,1,1
BRDA:10,1,0,1
BRDA:10,1,1,1
BRDA:15,2,0,0
BRDA:15,2,1,1
BRDA:18,3,0,0
BRDA:18,3,1,1
BRDA:21,4,0,0
BRDA:21,4,1,1
BRDA:25,5,0,0
BRDA:25,5,1,1
BRF:12
BRH:7
end_of_record
TN:
SF:src\services\school.service.js
FN:9,(anonymous_0)
FN:33,(anonymous_1)
FN:57,(anonymous_2)
FN:76,(anonymous_3)
FN:85,(anonymous_4)
FN:99,(anonymous_5)
FN:102,(anonymous_6)
FN:117,(anonymous_7)
FNF:8
FNH:3
FNDA:0,(anonymous_0)
FNDA:1,(anonymous_1)
FNDA:1,(anonymous_2)
FNDA:0,(anonymous_3)
FNDA:0,(anonymous_4)
FNDA:0,(anonymous_5)
FNDA:0,(anonymous_6)
FNDA:3,(anonymous_7)
DA:9,1
DA:10,0
DA:11,0
DA:13,0
DA:19,0
DA:27,0
DA:28,0
DA:33,1
DA:35,1
DA:36,1
DA:37,1
DA:38,1
DA:39,1
DA:40,1
DA:42,1
DA:43,1
DA:45,1
DA:53,1
DA:57,1
DA:59,1
DA:61,1
DA:62,1
DA:64,1
DA:72,1
DA:76,1
DA:78,0
DA:79,0
DA:81,0
DA:82,0
DA:85,1
DA:86,0
DA:87,0
DA:89,0
DA:90,0
DA:91,0
DA:93,0
DA:95,0
DA:99,1
DA:102,1
DA:103,0
DA:104,0
DA:107,0
DA:108,0
DA:109,0
DA:112,0
DA:113,0
DA:114,0
DA:117,1
DA:118,3
DA:119,3
DA:120,3
LF:51
LH:26
BRDA:11,0,0,0
BRDA:11,0,1,0
BRDA:36,1,0,1
BRDA:36,1,1,0
BRDA:37,2,0,0
BRDA:37,2,1,1
BRDA:38,3,0,0
BRDA:38,3,1,1
BRDA:39,4,0,0
BRDA:39,4,1,1
BRDA:40,5,0,0
BRDA:40,5,1,1
BRDA:43,6,0,0
BRDA:43,6,1,1
BRDA:59,7,0,0
BRDA:59,7,1,1
BRDA:62,8,0,0
BRDA:62,8,1,1
BRDA:79,9,0,0
BRDA:79,9,1,0
BRDA:82,10,0,0
BRDA:82,10,1,0
BRDA:87,11,0,0
BRDA:87,11,1,0
BRDA:93,12,0,0
BRDA:93,12,1,0
BRDA:104,13,0,0
BRDA:104,13,1,0
BRDA:108,14,0,0
BRDA:108,14,1,0
BRDA:118,15,0,0
BRDA:118,15,1,3
BRF:32
BRH:9
end_of_record
TN:
SF:src\services\timetable.service.js
FN:7,(anonymous_0)
FN:11,(anonymous_1)
FN:67,(anonymous_2)
FN:86,(anonymous_3)
FN:104,(anonymous_4)
FN:152,(anonymous_5)
FN:157,(anonymous_6)
FN:158,(anonymous_7)
FN:160,(anonymous_8)
FN:161,(anonymous_9)
FN:170,(anonymous_10)
FN:189,(anonymous_11)
FN:216,(anonymous_12)
FN:230,(anonymous_13)
FN:230,(anonymous_14)
FNF:15
FNH:2
FNDA:1,(anonymous_0)
FNDA:0,(anonymous_1)
FNDA:2,(anonymous_2)
FNDA:0,(anonymous_3)
FNDA:0,(anonymous_4)
FNDA:0,(anonymous_5)
FNDA:0,(anonymous_6)
FNDA:0,(anonymous_7)
FNDA:0,(anonymous_8)
FNDA:0,(anonymous_9)
FNDA:0,(anonymous_10)
FNDA:0,(anonymous_11)
FNDA:0,(anonymous_12)
FNDA:0,(anonymous_13)
FNDA:0,(anonymous_14)
DA:7,1
DA:9,1
DA:10,0
DA:11,0
DA:18,0
DA:22,1
DA:23,1
DA:24,1
DA:25,1
DA:26,1
DA:37,0
DA:38,0
DA:39,0
DA:40,0
DA:41,0
DA:42,0
DA:53,0
DA:54,0
DA:55,0
DA:56,0
DA:57,0
DA:67,1
DA:69,2
DA:70,1
DA:71,1
DA:72,1
DA:73,1
DA:84,1
DA:85,0
DA:86,0
DA:87,0
DA:91,1
DA:92,0
DA:93,0
DA:94,0
DA:96,0
DA:104,0
DA:116,1
DA:117,0
DA:118,0
DA:119,0
DA:120,0
DA:121,0
DA:122,0
DA:123,0
DA:124,0
DA:130,0
DA:134,1
DA:135,1
DA:136,1
DA:142,1
DA:143,1
DA:144,1
DA:148,0
DA:152,1
DA:153,0
DA:154,0
DA:155,0
DA:156,0
DA:157,0
DA:158,0
DA:160,0
DA:161,0
DA:162,0
DA:164,0
DA:165,0
DA:166,0
DA:167,0
DA:168,0
DA:170,0
DA:171,0
DA:173,0
DA:176,0
DA:177,0
DA:178,0
DA:179,0
DA:185,0
DA:189,1
DA:190,0
DA:191,0
DA:193,0
DA:194,0
DA:195,0
DA:197,0
DA:198,0
DA:199,0
DA:202,0
DA:203,0
DA:204,0
DA:216,1
DA:217,0
DA:218,0
DA:229,0
DA:230,0
DA:231,0
LF:95
LH:25
BRDA:7,0,0,0
BRDA:9,1,0,0
BRDA:9,1,1,1
BRDA:22,2,0,1
BRDA:22,2,1,0
BRDA:23,3,0,0
BRDA:23,3,1,1
BRDA:37,4,0,0
BRDA:37,4,1,0
BRDA:38,5,0,0
BRDA:38,5,1,0
BRDA:38,6,0,0
BRDA:38,6,1,0
BRDA:41,7,0,0
BRDA:41,7,1,0
BRDA:53,8,0,0
BRDA:53,8,1,0
BRDA:54,9,0,0
BRDA:54,9,1,0
BRDA:67,10,0,0
BRDA:69,11,0,1
BRDA:69,11,1,1
BRDA:70,12,0,0
BRDA:70,12,1,1
BRDA:84,13,0,0
BRDA:84,13,1,1
BRDA:91,14,0,0
BRDA:91,14,1,1
BRDA:93,15,0,0
BRDA:93,15,1,0
BRDA:108,16,0,0
BRDA:108,16,1,0
BRDA:109,17,0,0
BRDA:109,17,1,0
BRDA:116,18,0,0
BRDA:116,18,1,1
BRDA:134,19,0,1
BRDA:134,19,1,0
BRDA:142,20,0,0
BRDA:142,20,1,1
BRDA:156,21,0,0
BRDA:156,21,1,0
BRDA:167,22,0,0
BRDA:167,22,1,0
BRDA:168,23,0,0
BRDA:168,23,1,0
BRDA:168,24,0,0
BRDA:168,24,1,0
BRDA:168,24,2,0
BRDA:170,25,0,0
BRDA:170,25,1,0
BRDA:170,25,2,0
BRDA:171,26,0,0
BRDA:171,26,1,0
BRDA:176,27,0,0
BRDA:176,27,1,0
BRDA:191,28,0,0
BRDA:191,28,1,0
BRDA:193,29,0,0
BRDA:193,29,1,0
BRDA:194,30,0,0
BRDA:194,30,1,0
BRDA:195,31,0,0
BRDA:195,31,1,0
BRDA:197,32,0,0
BRDA:197,32,1,0
BRDA:197,33,0,0
BRDA:197,33,1,0
BRDA:197,33,2,0
BRDA:197,33,3,0
BRDA:199,34,0,0
BRDA:199,34,1,0
BRDA:216,35,0,0
BRDA:222,36,0,0
BRDA:222,36,1,0
BRF:75
BRH:11
end_of_record
TN:
SF:src\services\user.service.js
FN:8,(anonymous_0)
FN:25,(anonymous_1)
FN:67,(anonymous_2)
FN:88,(anonymous_3)
FN:98,(anonymous_4)
FN:110,(anonymous_5)
FN:124,(anonymous_6)
FN:135,(anonymous_7)
FNF:8
FNH:0
FNDA:0,(anonymous_0)
FNDA:0,(anonymous_1)
FNDA:0,(anonymous_2)
FNDA:0,(anonymous_3)
FNDA:0,(anonymous_4)
FNDA:0,(anonymous_5)
FNDA:0,(anonymous_6)
FNDA:0,(anonymous_7)
DA:8,1
DA:9,0
DA:10,0
DA:14,0
DA:17,0
DA:18,0
DA:21,0
DA:25,1
DA:26,0
DA:27,0
DA:29,0
DA:30,0
DA:33,0
DA:36,0
DA:39,0
DA:40,0
DA:43,0
DA:44,0
DA:47,0
DA:55,0
DA:56,0
DA:64,0
DA:67,0
DA:69,0
DA:78,0
DA:80,0
DA:81,0
DA:83,0
DA:88,1
DA:89,0
DA:91,0
DA:97,0
DA:98,0
DA:110,1
DA:111,0
DA:114,0
DA:116,0
DA:117,0
DA:120,0
DA:124,1
DA:125,0
DA:126,0
DA:128,0
DA:129,0
DA:130,0
DA:132,0
DA:133,0
DA:135,0
DA:138,0
DA:139,0
DA:140,0
DA:143,0
DA:145,0
DA:146,0
DA:148,0
DA:149,0
DA:151,0
LF:57
LH:5
BRDA:8,0,0,0
BRDA:12,1,0,0
BRDA:12,1,1,0
BRDA:17,2,0,0
BRDA:17,2,1,0
BRDA:33,3,0,0
BRDA:33,3,1,0
BRDA:40,4,0,0
BRDA:40,4,1,0
BRDA:55,5,0,0
BRDA:55,5,1,0
BRDA:88,6,0,0
BRDA:116,7,0,0
BRDA:116,7,1,0
BRDA:129,8,0,0
BRDA:129,8,1,0
BRDA:133,9,0,0
BRDA:133,9,1,0
BRDA:140,10,0,0
BRDA:140,10,1,0
BRF:20
BRH:0
end_of_record
TN:
SF:src\utils\asyncHandler.js
FN:10,(anonymous_0)
FN:10,(anonymous_1)
FNF:2
FNH:2
FNDA:29,(anonymous_0)
FNDA:6,(anonymous_1)
DA:10,29
DA:14,6
LF:2
LH:2
BRF:0
BRH:0
end_of_record
TN:
SF:src\utils\customError.js
FN:2,(anonymous_0)
FNF:1
FNH:0
FNDA:0,(anonymous_0)
DA:3,0
DA:4,0
DA:5,0
DA:6,0
LF:4
LH:0
BRF:0
BRH:0
end_of_record
TN:
SF:src\utils\email.util.js
FN:19,(anonymous_0)
FN:29,(anonymous_1)
FN:30,(anonymous_2)
FN:34,(anonymous_3)
FNF:4
FNH:0
FNDA:0,(anonymous_0)
FNDA:0,(anonymous_1)
FNDA:0,(anonymous_2)
FNDA:0,(anonymous_3)
DA:8,1
DA:9,1
DA:11,1
DA:19,1
DA:20,0
DA:22,0
DA:23,0
DA:24,0
DA:25,0
DA:29,1
DA:30,0
DA:34,1
DA:35,0
DA:36,0
DA:37,0
DA:38,0
DA:41,0
DA:42,0
DA:44,0
DA:45,0
DA:53,0
DA:61,0
DA:62,0
DA:63,0
DA:65,0
DA:66,0
LF:26
LH:6
BRDA:12,0,0,1
BRDA:12,0,1,0
BRDA:13,1,0,1
BRDA:13,1,1,0
BRDA:20,2,0,0
BRDA:20,2,1,0
BRDA:30,3,0,0
BRDA:30,3,1,0
BRDA:36,4,0,0
BRDA:36,4,1,0
BRDA:42,5,0,0
BRDA:42,5,1,0
BRDA:54,6,0,0
BRDA:54,6,1,0
BRF:14
BRH:2
end_of_record
TN:
SF:src\validations\auth.validation.js
FNF:0
FNH:0
DA:3,1
LF:1
LH:1
BRF:0
BRH:0
end_of_record
TN:
SF:src\validations\nfc.validation.js
FN:17,(anonymous_0)
FNF:1
FNH:0
FNDA:0,(anonymous_0)
DA:3,1
DA:10,1
DA:17,0
LF:3
LH:2
BRDA:17,0,0,0
BRDA:17,0,1,0
BRF:2
BRH:0
end_of_record
TN:
SF:src\validations\school.validation.js
FNF:0
FNH:0
DA:5,1
DA:7,1
DA:17,1
DA:26,1
DA:32,1
DA:38,1
DA:48,1
DA:64,1
LF:8
LH:8
BRF:0
BRH:0
end_of_record
TN:
SF:src\validations\timetable.validation.js
FN:151,(anonymous_0)
FNF:1
FNH:0
FNDA:0,(anonymous_0)
DA:4,1
DA:10,1
DA:20,1
DA:34,1
DA:44,1
DA:52,1
DA:58,1
DA:72,1
DA:82,1
DA:92,1
DA:106,1
DA:122,1
DA:136,1
DA:146,1
DA:151,0
LF:15
LH:14
BRDA:151,0,0,0
BRDA:151,0,1,0
BRF:2
BRH:0
end_of_record
TN:
SF:src\validations\user.validation.js
FN:21,(anonymous_0)
FN:22,(anonymous_1)
FNF:2
FNH:0
FNDA:0,(anonymous_0)
FNDA:0,(anonymous_1)
DA:4,1
DA:6,1
DA:17,1
DA:21,0
DA:22,0
DA:26,1
DA:32,1
LF:7
LH:5
BRF:0
BRH:0
end_of_record
